Using pre-set license
Built from '2020.3/china_unity/release' branch; Version is '2020.3.0f1c1 (1e553bf703d9) revision 1987899'; Using compiler version '192528614'; Build Type 'Release'
OS: 'Windows 10 Pro; OS build 19043.1348; Version 2009; 64bit' Language: 'zh' Physical Memory: 16273 MB
BatchMode: 1, IsHumanControllingUs: 0, StartBugReporterOnCrash: 0, Is64bit: 1, IsPro: 0

 COMMAND LINE ARGUMENTS:
C:\Program Files\Unity\Editor\Unity.exe
-adb2
-batchMode
-noUpm
-name
AssetImportWorker0
-projectPath
F:/2021b/AwesomeEffects/StableFluids
-logFile
Logs/AssetImportWorker0.log
-srvPort
54534
Successfully changed project path to: F:/2021b/AwesomeEffects/StableFluids
F:/2021b/AwesomeEffects/StableFluids
Using Asset Import Pipeline V2.
Refreshing native plugins compatible for Editor in 16.35 ms, found 0 plugins.
Preloading 0 native plugins for Editor in 0.00 ms.
Initialize engine version: 2020.3.0f1c1 (1e553bf703d9)
[Subsystems] Discovering subsystems at path C:/Program Files/Unity/Editor/Data/Resources/UnitySubsystems
[Subsystems] Discovering subsystems at path F:/2021b/AwesomeEffects/StableFluids/Assets
GfxDevice: creating device client; threaded=0
Direct3D:
    Version:  Direct3D 11.0 [level 11.1]
    Renderer: NVIDIA GeForce RTX 3080 (ID=0x2206)
    Vendor:   
    VRAM:     10078 MB
    Driver:   27.21.14.5671
Initialize mono
Mono path[0] = 'C:/Program Files/Unity/Editor/Data/Managed'
Mono path[1] = 'C:/Program Files/Unity/Editor/Data/MonoBleedingEdge/lib/mono/unityjit'
Mono config path = 'C:/Program Files/Unity/Editor/Data/MonoBleedingEdge/etc'
Using monoOptions --debugger-agent=transport=dt_socket,embedding=1,server=y,suspend=n,address=127.0.0.1:56956
Begin MonoManager ReloadAssembly
Registering precompiled unity dll's ...
Register platform support module: C:/Program Files/Unity/Editor/Data/PlaybackEngines/WindowsStandaloneSupport/UnityEditor.WindowsStandalone.Extensions.dll
Registered in 0.001299 seconds.
Native extension for WindowsStandalone target not found
Refreshing native plugins compatible for Editor in 16.43 ms, found 0 plugins.
Preloading 0 native plugins for Editor in 0.00 ms.
Invoked RoslynAnalysisRunner static constructor.
RoslynAnalysisRunner will not be running.
RoslynAnalysisRunner has terminated.
Mono: successfully reloaded assembly
- Completed reload, in  0.560 seconds
Platform modules already initialized, skipping
Registering precompiled user dll's ...
Registered in 0.000386 seconds.
Begin MonoManager ReloadAssembly
Native extension for WindowsStandalone target not found
Refreshing native plugins compatible for Editor in 0.20 ms, found 0 plugins.
Preloading 0 native plugins for Editor in 0.00 ms.
Invoked RoslynAnalysisRunner static constructor.
RoslynAnalysisRunner will not be running.
RoslynAnalysisRunner has terminated.
Mono: successfully reloaded assembly
- Completed reload, in  0.575 seconds
Platform modules already initialized, skipping
========================================================================
Worker process is ready to serve import requests
Launched and connected shader compiler UnityShaderCompiler.exe after 0.03 seconds
Refreshing native plugins compatible for Editor in 0.20 ms, found 0 plugins.
Preloading 0 native plugins for Editor in 0.00 ms.
Unloading 1119 Unused Serialized files (Serialized files now loaded: 0)
System memory in use before: 57.7 MB.
System memory in use after: 57.8 MB.

Unloading 9 unused Assets to reduce memory usage. Loaded Objects now: 1563.
Total: 1.528200 ms (FindLiveObjects: 0.178700 ms CreateObjectMapping: 0.046200 ms MarkObjects: 1.258100 ms  DeleteObjects: 0.044300 ms)

========================================================================
Received Import Request.
  path: Assets/FluidSim3D/SmokeFluid.unity
  artifactKey: Guid(77228c5d076c6bc4fae6e505baf0f4f6) Importer(815301076,1909f56bfc062723c751e8b465ee728b)
Start importing Assets/FluidSim3D/SmokeFluid.unity using Guid(77228c5d076c6bc4fae6e505baf0f4f6) Importer(815301076,1909f56bfc062723c751e8b465ee728b)  -> (artifact id: 'b1ff9a50eff2b71622cd5814801a7a39') in 0.040178 seconds
  Import took 0.041688 seconds .

========================================================================
Received Prepare
Registering precompiled user dll's ...
Registered in 0.000375 seconds.
Begin MonoManager ReloadAssembly
Native extension for WindowsStandalone target not found
Refreshing native plugins compatible for Editor in 0.20 ms, found 0 plugins.
Preloading 0 native plugins for Editor in 0.00 ms.
Invoked RoslynAnalysisRunner static constructor.
RoslynAnalysisRunner will not be running.
RoslynAnalysisRunner has terminated.
Mono: successfully reloaded assembly
- Completed reload, in  0.536 seconds
Platform modules already initialized, skipping
Refreshing native plugins compatible for Editor in 0.17 ms, found 0 plugins.
Preloading 0 native plugins for Editor in 0.00 ms.
Unloading 1110 Unused Serialized files (Serialized files now loaded: 0)
System memory in use before: 57.3 MB.
System memory in use after: 57.4 MB.

Unloading 4 unused Assets to reduce memory usage. Loaded Objects now: 1566.
Total: 1.293600 ms (FindLiveObjects: 0.128900 ms CreateObjectMapping: 0.037200 ms MarkObjects: 1.114900 ms  DeleteObjects: 0.011900 ms)

========================================================================
Received Import Request.
  Time since last request: 330.810316 seconds.
  path: Assets/FluidSim3D/Scripts/SmokeFluidSim.cs
  artifactKey: Guid(a924471615937564f81ebb1540cd8b36) Importer(815301076,1909f56bfc062723c751e8b465ee728b)
Start importing Assets/FluidSim3D/Scripts/SmokeFluidSim.cs using Guid(a924471615937564f81ebb1540cd8b36) Importer(815301076,1909f56bfc062723c751e8b465ee728b)  -> (artifact id: '97a74d10e6b58e2002630eaa835d5ef2') in 0.018135 seconds
  Import took 0.019723 seconds .

========================================================================
Received Import Request.
  Time since last request: 0.008925 seconds.
  path: Assets/FluidSim3D/Scripts/SmokeFluidSim.cs
  artifactKey: Guid(a924471615937564f81ebb1540cd8b36) Importer(815301076,1909f56bfc062723c751e8b465ee728b)
Start importing Assets/FluidSim3D/Scripts/SmokeFluidSim.cs using Guid(a924471615937564f81ebb1540cd8b36) Importer(815301076,1909f56bfc062723c751e8b465ee728b)  -> (artifact id: '97a74d10e6b58e2002630eaa835d5ef2') in 0.110775 seconds
  Import took 0.112457 seconds .

========================================================================
Received Import Request.
  Time since last request: 2.865398 seconds.
  path: Assets/FluidSim3D/Prefabs/SmokeFluidSim.prefab
  artifactKey: Guid(0b40c0b4ea4208b4792d95085b850676) Importer(815301076,1909f56bfc062723c751e8b465ee728b)
Start importing Assets/FluidSim3D/Prefabs/SmokeFluidSim.prefab using Guid(0b40c0b4ea4208b4792d95085b850676) Importer(815301076,1909f56bfc062723c751e8b465ee728b)  -> (artifact id: '0e3f97492e9bb1a2e92b781d0e200f07') in 0.102124 seconds
  Import took 0.104012 seconds .

========================================================================
Received Prepare
Registering precompiled user dll's ...
Registered in 0.000367 seconds.
Begin MonoManager ReloadAssembly
Native extension for WindowsStandalone target not found
Refreshing native plugins compatible for Editor in 0.20 ms, found 0 plugins.
Preloading 0 native plugins for Editor in 0.00 ms.
Invoked RoslynAnalysisRunner static constructor.
RoslynAnalysisRunner will not be running.
RoslynAnalysisRunner has terminated.
Mono: successfully reloaded assembly
- Completed reload, in  0.571 seconds
Platform modules already initialized, skipping
Refreshing native plugins compatible for Editor in 0.15 ms, found 0 plugins.
Preloading 0 native plugins for Editor in 0.00 ms.
Unloading 1110 Unused Serialized files (Serialized files now loaded: 0)
System memory in use before: 60.5 MB.
System memory in use after: 60.6 MB.

Unloading 4 unused Assets to reduce memory usage. Loaded Objects now: 1577.
Total: 1.280300 ms (FindLiveObjects: 0.149000 ms CreateObjectMapping: 0.031300 ms MarkObjects: 1.086900 ms  DeleteObjects: 0.012300 ms)

========================================================================
Received Prepare
Registering precompiled user dll's ...
Registered in 0.000376 seconds.
Begin MonoManager ReloadAssembly
Native extension for WindowsStandalone target not found
Refreshing native plugins compatible for Editor in 0.20 ms, found 0 plugins.
Preloading 0 native plugins for Editor in 0.00 ms.
Invoked RoslynAnalysisRunner static constructor.
RoslynAnalysisRunner will not be running.
RoslynAnalysisRunner has terminated.
Mono: successfully reloaded assembly
- Completed reload, in  0.553 seconds
Platform modules already initialized, skipping
Refreshing native plugins compatible for Editor in 0.16 ms, found 0 plugins.
Preloading 0 native plugins for Editor in 0.00 ms.
Unloading 1110 Unused Serialized files (Serialized files now loaded: 0)
System memory in use before: 60.5 MB.
System memory in use after: 60.6 MB.

Unloading 4 unused Assets to reduce memory usage. Loaded Objects now: 1580.
Total: 1.479600 ms (FindLiveObjects: 0.149600 ms CreateObjectMapping: 0.036400 ms MarkObjects: 1.282200 ms  DeleteObjects: 0.010400 ms)

========================================================================
Received Prepare
Registering precompiled user dll's ...
Registered in 0.000313 seconds.
Begin MonoManager ReloadAssembly
Native extension for WindowsStandalone target not found
Refreshing native plugins compatible for Editor in 0.19 ms, found 0 plugins.
Preloading 0 native plugins for Editor in 0.00 ms.
Invoked RoslynAnalysisRunner static constructor.
RoslynAnalysisRunner will not be running.
RoslynAnalysisRunner has terminated.
Mono: successfully reloaded assembly
- Completed reload, in  0.551 seconds
Platform modules already initialized, skipping
Refreshing native plugins compatible for Editor in 0.15 ms, found 0 plugins.
Preloading 0 native plugins for Editor in 0.00 ms.
Unloading 1110 Unused Serialized files (Serialized files now loaded: 0)
System memory in use before: 60.5 MB.
System memory in use after: 60.6 MB.

Unloading 4 unused Assets to reduce memory usage. Loaded Objects now: 1583.
Total: 1.421300 ms (FindLiveObjects: 0.133600 ms CreateObjectMapping: 0.032300 ms MarkObjects: 1.245800 ms  DeleteObjects: 0.009000 ms)

========================================================================
Received Import Request.
  Time since last request: 1332.868194 seconds.
  path: Assets/FluidSim3D/Shaders/Kernel.compute
  artifactKey: Guid(b0c62ab1a01f85049a9a3e5119f8a055) Importer(815301076,1909f56bfc062723c751e8b465ee728b)
Start importing Assets/FluidSim3D/Shaders/Kernel.compute using Guid(b0c62ab1a01f85049a9a3e5119f8a055) Importer(815301076,1909f56bfc062723c751e8b465ee728b)  -> (artifact id: '15cc703e13c9b27a09610c23a5696802') in 0.012494 seconds
  Import took 0.014015 seconds .

========================================================================
Received Import Request.
  Time since last request: 50.065976 seconds.
  path: Assets/FluidSim3D/Shaders/Kernel.compute
  artifactKey: Guid(b0c62ab1a01f85049a9a3e5119f8a055) Importer(815301076,1909f56bfc062723c751e8b465ee728b)
Start importing Assets/FluidSim3D/Shaders/Kernel.compute using Guid(b0c62ab1a01f85049a9a3e5119f8a055) Importer(815301076,1909f56bfc062723c751e8b465ee728b)  -> (artifact id: '2606a04cd22c95e6c7edc296aa701aaf') in 0.004389 seconds
  Import took 0.007115 seconds .

========================================================================
Received Import Request.
  Time since last request: 0.006054 seconds.
  path: Assets/FluidSim3D/Shaders/Kernel.compute
  artifactKey: Guid(b0c62ab1a01f85049a9a3e5119f8a055) Importer(815301076,1909f56bfc062723c751e8b465ee728b)
Start importing Assets/FluidSim3D/Shaders/Kernel.compute using Guid(b0c62ab1a01f85049a9a3e5119f8a055) Importer(815301076,1909f56bfc062723c751e8b465ee728b)  -> (artifact id: '2606a04cd22c95e6c7edc296aa701aaf') in 0.003959 seconds
  Import took 0.006183 seconds .

========================================================================
Received Prepare
Registering precompiled user dll's ...
Registered in 0.000356 seconds.
Begin MonoManager ReloadAssembly
Native extension for WindowsStandalone target not found
Refreshing native plugins compatible for Editor in 0.18 ms, found 0 plugins.
Preloading 0 native plugins for Editor in 0.00 ms.
Invoked RoslynAnalysisRunner static constructor.
RoslynAnalysisRunner will not be running.
RoslynAnalysisRunner has terminated.
Mono: successfully reloaded assembly
- Completed reload, in  0.553 seconds
Platform modules already initialized, skipping
Refreshing native plugins compatible for Editor in 0.17 ms, found 0 plugins.
Preloading 0 native plugins for Editor in 0.00 ms.
Unloading 1110 Unused Serialized files (Serialized files now loaded: 0)
System memory in use before: 60.5 MB.
System memory in use after: 60.6 MB.

Unloading 4 unused Assets to reduce memory usage. Loaded Objects now: 1586.
Total: 1.731600 ms (FindLiveObjects: 0.135300 ms CreateObjectMapping: 0.030400 ms MarkObjects: 1.554400 ms  DeleteObjects: 0.010700 ms)

========================================================================
Received Prepare
Registering precompiled user dll's ...
Registered in 0.000391 seconds.
Begin MonoManager ReloadAssembly
Native extension for WindowsStandalone target not found
Refreshing native plugins compatible for Editor in 0.20 ms, found 0 plugins.
Preloading 0 native plugins for Editor in 0.00 ms.
Invoked RoslynAnalysisRunner static constructor.
RoslynAnalysisRunner will not be running.
RoslynAnalysisRunner has terminated.
Mono: successfully reloaded assembly
- Completed reload, in  0.538 seconds
Platform modules already initialized, skipping
Refreshing native plugins compatible for Editor in 0.18 ms, found 0 plugins.
Preloading 0 native plugins for Editor in 0.00 ms.
Unloading 1110 Unused Serialized files (Serialized files now loaded: 0)
System memory in use before: 60.5 MB.
System memory in use after: 60.6 MB.

Unloading 4 unused Assets to reduce memory usage. Loaded Objects now: 1589.
Total: 1.610700 ms (FindLiveObjects: 0.188800 ms CreateObjectMapping: 0.041300 ms MarkObjects: 1.370000 ms  DeleteObjects: 0.009800 ms)

========================================================================
Received Prepare
Registering precompiled user dll's ...
Registered in 0.000604 seconds.
Begin MonoManager ReloadAssembly
Native extension for WindowsStandalone target not found
Refreshing native plugins compatible for Editor in 0.20 ms, found 0 plugins.
Preloading 0 native plugins for Editor in 0.00 ms.
Invoked RoslynAnalysisRunner static constructor.
RoslynAnalysisRunner will not be running.
RoslynAnalysisRunner has terminated.
Mono: successfully reloaded assembly
- Completed reload, in  0.555 seconds
Platform modules already initialized, skipping
Refreshing native plugins compatible for Editor in 0.16 ms, found 0 plugins.
Preloading 0 native plugins for Editor in 0.00 ms.
Unloading 1113 Unused Serialized files (Serialized files now loaded: 0)
System memory in use before: 60.7 MB.
System memory in use after: 60.8 MB.

Unloading 4 unused Assets to reduce memory usage. Loaded Objects now: 1595.
Total: 1.512600 ms (FindLiveObjects: 0.186600 ms CreateObjectMapping: 0.045700 ms MarkObjects: 1.264800 ms  DeleteObjects: 0.014600 ms)

========================================================================
Received Import Request.
  Time since last request: 693.579272 seconds.
  path: Assets/Fluid
  artifactKey: Guid(3475278e8bf624849bb68b2614114974) Importer(815301076,1909f56bfc062723c751e8b465ee728b)
Start importing Assets/Fluid using Guid(3475278e8bf624849bb68b2614114974) Importer(815301076,1909f56bfc062723c751e8b465ee728b)  -> (artifact id: '5a21bf640eb0106bc475f8d1eaf30370') in 0.113759 seconds
  Import took 0.115423 seconds .

========================================================================
Received Import Request.
  Time since last request: 0.693287 seconds.
  path: Assets/Fluid/Raymarcher.compute
  artifactKey: Guid(7daf1e4fb30cc1b4786d040241478d37) Importer(815301076,1909f56bfc062723c751e8b465ee728b)
Start importing Assets/Fluid/Raymarcher.compute using Guid(7daf1e4fb30cc1b4786d040241478d37) Importer(815301076,1909f56bfc062723c751e8b465ee728b)  -> (artifact id: '7d8c5e69f9857d038a4655fa891068f2') in 0.009123 seconds
  Import took 0.010763 seconds .

========================================================================
Received Import Request.
  Time since last request: 0.000247 seconds.
  path: Assets/Fluid/simulation.compute
  artifactKey: Guid(f5444418342f7894e830daf5bce7d2f2) Importer(815301076,1909f56bfc062723c751e8b465ee728b)
Start importing Assets/Fluid/simulation.compute using Guid(f5444418342f7894e830daf5bce7d2f2) Importer(815301076,1909f56bfc062723c751e8b465ee728b)  -> (artifact id: '3dc496c5d6ac01f6b3879cdd539648af') in 0.003827 seconds
  Import took 0.005229 seconds .

========================================================================
Received Import Request.
  Time since last request: 1.051679 seconds.
  path: Assets/Fluid/Scenes
  artifactKey: Guid(c714b88b85743a041af53c6b383d4f62) Importer(815301076,1909f56bfc062723c751e8b465ee728b)
Start importing Assets/Fluid/Scenes using Guid(c714b88b85743a041af53c6b383d4f62) Importer(815301076,1909f56bfc062723c751e8b465ee728b)  -> (artifact id: 'f5579e4b1811265f41d96bdd3e5fd986') in 0.055972 seconds
  Import took 0.057744 seconds .

========================================================================
Received Import Request.
  Time since last request: 0.690365 seconds.
  path: Assets/Fluid/Scenes/SampleScene.unity
  artifactKey: Guid(9fc0d4010bbf28b4594072e72b8655ab) Importer(815301076,1909f56bfc062723c751e8b465ee728b)
Start importing Assets/Fluid/Scenes/SampleScene.unity using Guid(9fc0d4010bbf28b4594072e72b8655ab) Importer(815301076,1909f56bfc062723c751e8b465ee728b)  -> (artifact id: 'f18f73c4f121b57eab8c980c15724774') in 0.005975 seconds
  Import took 0.007572 seconds .

========================================================================
Received Import Request.
  Time since last request: 16.209990 seconds.
  path: Assets/Fluid/rotate.cs
  artifactKey: Guid(cf58af8ec16246147b7f1d15aa84c6d0) Importer(815301076,1909f56bfc062723c751e8b465ee728b)
Start importing Assets/Fluid/rotate.cs using Guid(cf58af8ec16246147b7f1d15aa84c6d0) Importer(815301076,1909f56bfc062723c751e8b465ee728b)  -> (artifact id: '2461ea9a97710dfd92591d89caf22541') in 0.003632 seconds
  Import took 0.005397 seconds .

========================================================================
Received Import Request.
  Time since last request: 0.001329 seconds.
  path: Assets/Fluid/rotate.cs
  artifactKey: Guid(cf58af8ec16246147b7f1d15aa84c6d0) Importer(815301076,1909f56bfc062723c751e8b465ee728b)
Start importing Assets/Fluid/rotate.cs using Guid(cf58af8ec16246147b7f1d15aa84c6d0) Importer(815301076,1909f56bfc062723c751e8b465ee728b)  -> (artifact id: '2461ea9a97710dfd92591d89caf22541') in 0.004439 seconds
  Import took 0.005971 seconds .

========================================================================
Received Import Request.
  Time since last request: 1.342606 seconds.
  path: Assets/Fluid/SimulationVolume.cs
  artifactKey: Guid(cf20fdacb0cfbef4bba6e1a20ce679b4) Importer(815301076,1909f56bfc062723c751e8b465ee728b)
Start importing Assets/Fluid/SimulationVolume.cs using Guid(cf20fdacb0cfbef4bba6e1a20ce679b4) Importer(815301076,1909f56bfc062723c751e8b465ee728b)  -> (artifact id: '7884af9d005a63f1d4dada728d3e603b') in 0.003210 seconds
  Import took 0.005284 seconds .

========================================================================
Received Import Request.
  Time since last request: 0.021663 seconds.
  path: Assets/Fluid/SimulationVolume.cs
  artifactKey: Guid(cf20fdacb0cfbef4bba6e1a20ce679b4) Importer(815301076,1909f56bfc062723c751e8b465ee728b)
Start importing Assets/Fluid/SimulationVolume.cs using Guid(cf20fdacb0cfbef4bba6e1a20ce679b4) Importer(815301076,1909f56bfc062723c751e8b465ee728b)  -> (artifact id: '7884af9d005a63f1d4dada728d3e603b') in 0.100679 seconds
  Import took 0.102353 seconds .

========================================================================
Received Import Request.
  Time since last request: 2.632823 seconds.
  path: Assets/Fluid/VolumeRenderer.cs
  artifactKey: Guid(cf92c7334c127334a9fc6dbe68e8f54d) Importer(815301076,1909f56bfc062723c751e8b465ee728b)
Start importing Assets/Fluid/VolumeRenderer.cs using Guid(cf92c7334c127334a9fc6dbe68e8f54d) Importer(815301076,1909f56bfc062723c751e8b465ee728b)  -> (artifact id: '43b2e405ae29890c85a5807f4acf24b8') in 0.020559 seconds
  Import took 0.029144 seconds .

========================================================================
Received Prepare
Registering precompiled user dll's ...
Registered in 0.000319 seconds.
Begin MonoManager ReloadAssembly
Native extension for WindowsStandalone target not found
Refreshing native plugins compatible for Editor in 0.20 ms, found 0 plugins.
Preloading 0 native plugins for Editor in 0.00 ms.
Invoked RoslynAnalysisRunner static constructor.
RoslynAnalysisRunner will not be running.
RoslynAnalysisRunner has terminated.
Mono: successfully reloaded assembly
- Completed reload, in  0.582 seconds
Platform modules already initialized, skipping
Refreshing native plugins compatible for Editor in 0.33 ms, found 0 plugins.
Preloading 0 native plugins for Editor in 0.00 ms.
Unloading 1110 Unused Serialized files (Serialized files now loaded: 0)
System memory in use before: 60.6 MB.
System memory in use after: 60.7 MB.

Unloading 7 unused Assets to reduce memory usage. Loaded Objects now: 1595.
Total: 1.554200 ms (FindLiveObjects: 0.171700 ms CreateObjectMapping: 0.047400 ms MarkObjects: 1.319500 ms  DeleteObjects: 0.014100 ms)

========================================================================
Received Import Request.
  Time since last request: 318.956274 seconds.
  path: Assets/FluidSim3D/SmokeFluid.unity
  artifactKey: Guid(77228c5d076c6bc4fae6e505baf0f4f6) Importer(815301076,1909f56bfc062723c751e8b465ee728b)
Start importing Assets/FluidSim3D/SmokeFluid.unity using Guid(77228c5d076c6bc4fae6e505baf0f4f6) Importer(815301076,1909f56bfc062723c751e8b465ee728b)  -> (artifact id: '8d72d47d0995d72d123f33882e97629f') in 0.010913 seconds
  Import took 0.012696 seconds .

========================================================================
Received Prepare
Registering precompiled user dll's ...
Registered in 0.000576 seconds.
Begin MonoManager ReloadAssembly
Native extension for WindowsStandalone target not found
Refreshing native plugins compatible for Editor in 0.19 ms, found 0 plugins.
Preloading 0 native plugins for Editor in 0.00 ms.
Invoked RoslynAnalysisRunner static constructor.
RoslynAnalysisRunner will not be running.
RoslynAnalysisRunner has terminated.
Mono: successfully reloaded assembly
- Completed reload, in  0.545 seconds
Platform modules already initialized, skipping
Refreshing native plugins compatible for Editor in 0.18 ms, found 0 plugins.
Preloading 0 native plugins for Editor in 0.00 ms.
Unloading 1110 Unused Serialized files (Serialized files now loaded: 0)
System memory in use before: 60.6 MB.
System memory in use after: 60.7 MB.

Unloading 4 unused Assets to reduce memory usage. Loaded Objects now: 1598.
Total: 1.480600 ms (FindLiveObjects: 0.134400 ms CreateObjectMapping: 0.037900 ms MarkObjects: 1.279200 ms  DeleteObjects: 0.028600 ms)

========================================================================
Received Prepare
Registering precompiled user dll's ...
Registered in 0.000407 seconds.
Begin MonoManager ReloadAssembly
Native extension for WindowsStandalone target not found
Refreshing native plugins compatible for Editor in 0.22 ms, found 0 plugins.
Preloading 0 native plugins for Editor in 0.00 ms.
Invoked RoslynAnalysisRunner static constructor.
RoslynAnalysisRunner will not be running.
RoslynAnalysisRunner has terminated.
Mono: successfully reloaded assembly
- Completed reload, in  0.531 seconds
Platform modules already initialized, skipping
Refreshing native plugins compatible for Editor in 0.19 ms, found 0 plugins.
Preloading 0 native plugins for Editor in 0.00 ms.
Unloading 1110 Unused Serialized files (Serialized files now loaded: 0)
System memory in use before: 60.6 MB.
System memory in use after: 60.7 MB.

Unloading 4 unused Assets to reduce memory usage. Loaded Objects now: 1601.
Total: 1.547200 ms (FindLiveObjects: 0.181300 ms CreateObjectMapping: 0.053300 ms MarkObjects: 1.301400 ms  DeleteObjects: 0.010200 ms)

========================================================================
Received Prepare
Registering precompiled user dll's ...
Registered in 0.000784 seconds.
Begin MonoManager ReloadAssembly
Native extension for WindowsStandalone target not found
Refreshing native plugins compatible for Editor in 0.22 ms, found 0 plugins.
Preloading 0 native plugins for Editor in 0.00 ms.
Invoked RoslynAnalysisRunner static constructor.
RoslynAnalysisRunner will not be running.
RoslynAnalysisRunner has terminated.
Mono: successfully reloaded assembly
- Completed reload, in  0.551 seconds
Platform modules already initialized, skipping
Refreshing native plugins compatible for Editor in 0.19 ms, found 0 plugins.
Preloading 0 native plugins for Editor in 0.00 ms.
Unloading 1110 Unused Serialized files (Serialized files now loaded: 0)
System memory in use before: 60.6 MB.
System memory in use after: 60.7 MB.

Unloading 4 unused Assets to reduce memory usage. Loaded Objects now: 1604.
Total: 1.429300 ms (FindLiveObjects: 0.140900 ms CreateObjectMapping: 0.033000 ms MarkObjects: 1.244600 ms  DeleteObjects: 0.010100 ms)

========================================================================
Received Prepare
Registering precompiled user dll's ...
Registered in 0.000445 seconds.
Begin MonoManager ReloadAssembly
Native extension for WindowsStandalone target not found
Refreshing native plugins compatible for Editor in 0.19 ms, found 0 plugins.
Preloading 0 native plugins for Editor in 0.00 ms.
Invoked RoslynAnalysisRunner static constructor.
RoslynAnalysisRunner will not be running.
RoslynAnalysisRunner has terminated.
Mono: successfully reloaded assembly
- Completed reload, in  0.530 seconds
Platform modules already initialized, skipping
Refreshing native plugins compatible for Editor in 0.18 ms, found 0 plugins.
Preloading 0 native plugins for Editor in 0.00 ms.
Unloading 1110 Unused Serialized files (Serialized files now loaded: 0)
System memory in use before: 60.6 MB.
System memory in use after: 60.7 MB.

Unloading 4 unused Assets to reduce memory usage. Loaded Objects now: 1607.
Total: 5.135300 ms (FindLiveObjects: 0.356100 ms CreateObjectMapping: 0.124500 ms MarkObjects: 4.612300 ms  DeleteObjects: 0.039200 ms)

========================================================================
Received Prepare
Registering precompiled user dll's ...
Registered in 0.000428 seconds.
Begin MonoManager ReloadAssembly
Native extension for WindowsStandalone target not found
Refreshing native plugins compatible for Editor in 0.19 ms, found 0 plugins.
Preloading 0 native plugins for Editor in 0.00 ms.
Invoked RoslynAnalysisRunner static constructor.
RoslynAnalysisRunner will not be running.
RoslynAnalysisRunner has terminated.
Mono: successfully reloaded assembly
- Completed reload, in  0.587 seconds
Platform modules already initialized, skipping
Refreshing native plugins compatible for Editor in 0.17 ms, found 0 plugins.
Preloading 0 native plugins for Editor in 0.00 ms.
Unloading 1110 Unused Serialized files (Serialized files now loaded: 0)
System memory in use before: 60.6 MB.
System memory in use after: 60.7 MB.

Unloading 4 unused Assets to reduce memory usage. Loaded Objects now: 1610.
Total: 1.386000 ms (FindLiveObjects: 0.146200 ms CreateObjectMapping: 0.038000 ms MarkObjects: 1.189800 ms  DeleteObjects: 0.010800 ms)

========================================================================
Received Prepare
Registering precompiled user dll's ...
Registered in 0.000358 seconds.
Begin MonoManager ReloadAssembly
Native extension for WindowsStandalone target not found
Refreshing native plugins compatible for Editor in 0.19 ms, found 0 plugins.
Preloading 0 native plugins for Editor in 0.00 ms.
Invoked RoslynAnalysisRunner static constructor.
RoslynAnalysisRunner will not be running.
RoslynAnalysisRunner has terminated.
Mono: successfully reloaded assembly
- Completed reload, in  0.546 seconds
Platform modules already initialized, skipping
Refreshing native plugins compatible for Editor in 0.17 ms, found 0 plugins.
Preloading 0 native plugins for Editor in 0.00 ms.
Unloading 1110 Unused Serialized files (Serialized files now loaded: 0)
System memory in use before: 60.6 MB.
System memory in use after: 60.7 MB.

Unloading 4 unused Assets to reduce memory usage. Loaded Objects now: 1613.
Total: 1.288700 ms (FindLiveObjects: 0.123200 ms CreateObjectMapping: 0.030400 ms MarkObjects: 1.124700 ms  DeleteObjects: 0.009800 ms)

========================================================================
Received Prepare
Registering precompiled user dll's ...
Registered in 0.000335 seconds.
Begin MonoManager ReloadAssembly
Native extension for WindowsStandalone target not found
Refreshing native plugins compatible for Editor in 0.19 ms, found 0 plugins.
Preloading 0 native plugins for Editor in 0.00 ms.
Invoked RoslynAnalysisRunner static constructor.
RoslynAnalysisRunner will not be running.
RoslynAnalysisRunner has terminated.
Mono: successfully reloaded assembly
- Completed reload, in  0.571 seconds
Platform modules already initialized, skipping
Refreshing native plugins compatible for Editor in 0.15 ms, found 0 plugins.
Preloading 0 native plugins for Editor in 0.00 ms.
Unloading 1110 Unused Serialized files (Serialized files now loaded: 0)
System memory in use before: 60.6 MB.
System memory in use after: 60.8 MB.

Unloading 4 unused Assets to reduce memory usage. Loaded Objects now: 1616.
Total: 1.565900 ms (FindLiveObjects: 0.205900 ms CreateObjectMapping: 0.054400 ms MarkObjects: 1.295000 ms  DeleteObjects: 0.009300 ms)

========================================================================
Received Prepare
Registering precompiled user dll's ...
Registered in 0.000347 seconds.
Begin MonoManager ReloadAssembly
Native extension for WindowsStandalone target not found
Refreshing native plugins compatible for Editor in 0.19 ms, found 0 plugins.
Preloading 0 native plugins for Editor in 0.00 ms.
Invoked RoslynAnalysisRunner static constructor.
RoslynAnalysisRunner will not be running.
RoslynAnalysisRunner has terminated.
Mono: successfully reloaded assembly
- Completed reload, in  0.553 seconds
Platform modules already initialized, skipping
Refreshing native plugins compatible for Editor in 0.18 ms, found 0 plugins.
Preloading 0 native plugins for Editor in 0.00 ms.
Unloading 1110 Unused Serialized files (Serialized files now loaded: 0)
System memory in use before: 60.7 MB.
System memory in use after: 60.8 MB.

Unloading 4 unused Assets to reduce memory usage. Loaded Objects now: 1619.
Total: 1.437200 ms (FindLiveObjects: 0.116200 ms CreateObjectMapping: 0.029800 ms MarkObjects: 1.281000 ms  DeleteObjects: 0.009600 ms)

========================================================================
Received Prepare
Registering precompiled user dll's ...
Registered in 0.000557 seconds.
Begin MonoManager ReloadAssembly
Native extension for WindowsStandalone target not found
Refreshing native plugins compatible for Editor in 0.22 ms, found 0 plugins.
Preloading 0 native plugins for Editor in 0.00 ms.
Invoked RoslynAnalysisRunner static constructor.
RoslynAnalysisRunner will not be running.
RoslynAnalysisRunner has terminated.
Mono: successfully reloaded assembly
- Completed reload, in  0.542 seconds
Platform modules already initialized, skipping
Refreshing native plugins compatible for Editor in 0.18 ms, found 0 plugins.
Preloading 0 native plugins for Editor in 0.00 ms.
Unloading 1110 Unused Serialized files (Serialized files now loaded: 0)
System memory in use before: 60.7 MB.
System memory in use after: 60.8 MB.

Unloading 4 unused Assets to reduce memory usage. Loaded Objects now: 1622.
Total: 1.682700 ms (FindLiveObjects: 0.263900 ms CreateObjectMapping: 0.055100 ms MarkObjects: 1.352100 ms  DeleteObjects: 0.010100 ms)

========================================================================
Received Import Request.
  Time since last request: 1858.754064 seconds.
  path: Assets/FluidSim3D/Prefabs/SmokeSphere.prefab
  artifactKey: Guid(a1cefe4dde5c4fd40899dcf4ffbddde4) Importer(815301076,1909f56bfc062723c751e8b465ee728b)
Start importing Assets/FluidSim3D/Prefabs/SmokeSphere.prefab using Guid(a1cefe4dde5c4fd40899dcf4ffbddde4) Importer(815301076,1909f56bfc062723c751e8b465ee728b)  -> (artifact id: '9a67d588983ff0481311b1a6bc333a7b') in 0.018230 seconds
  Import took 0.033850 seconds .

========================================================================
Received Import Request.
  Time since last request: 14.839761 seconds.
  path: Assets/FluidSim3D/Prefabs/SmokeSphere.prefab
  artifactKey: Guid(a1cefe4dde5c4fd40899dcf4ffbddde4) Importer(815301076,1909f56bfc062723c751e8b465ee728b)
Start importing Assets/FluidSim3D/Prefabs/SmokeSphere.prefab using Guid(a1cefe4dde5c4fd40899dcf4ffbddde4) Importer(815301076,1909f56bfc062723c751e8b465ee728b)  -> (artifact id: 'd1c00e929d1779fe10ace8230f26283f') in 0.006829 seconds
  Import took 0.008633 seconds .

========================================================================
Received Import Request.
  Time since last request: 5.145721 seconds.
  path: Assets/FluidSim3D/Prefabs/SmokeSphere.prefab
  artifactKey: Guid(a1cefe4dde5c4fd40899dcf4ffbddde4) Importer(815301076,1909f56bfc062723c751e8b465ee728b)
Start importing Assets/FluidSim3D/Prefabs/SmokeSphere.prefab using Guid(a1cefe4dde5c4fd40899dcf4ffbddde4) Importer(815301076,1909f56bfc062723c751e8b465ee728b)  -> (artifact id: 'f81c42a61d0ca4d243391b9a9f89994e') in 0.093597 seconds
  Import took 0.095726 seconds .

========================================================================
Received Import Request.
  Time since last request: 12.698575 seconds.
  path: Assets/FluidSim3D/Prefabs/SmokeSphere.prefab
  artifactKey: Guid(a1cefe4dde5c4fd40899dcf4ffbddde4) Importer(815301076,1909f56bfc062723c751e8b465ee728b)
Start importing Assets/FluidSim3D/Prefabs/SmokeSphere.prefab using Guid(a1cefe4dde5c4fd40899dcf4ffbddde4) Importer(815301076,1909f56bfc062723c751e8b465ee728b)  -> (artifact id: '16da67886e25e6cacde120a2002e57e1') in 0.005842 seconds
  Import took 0.007990 seconds .

========================================================================
Received Import Request.
  Time since last request: 8.610964 seconds.
  path: Assets/FluidSim3D/Prefabs/SmokeSphere.prefab
  artifactKey: Guid(a1cefe4dde5c4fd40899dcf4ffbddde4) Importer(815301076,1909f56bfc062723c751e8b465ee728b)
Start importing Assets/FluidSim3D/Prefabs/SmokeSphere.prefab using Guid(a1cefe4dde5c4fd40899dcf4ffbddde4) Importer(815301076,1909f56bfc062723c751e8b465ee728b)  -> (artifact id: '4170682a61a79ecae24aad6975d07129') in 0.004206 seconds
  Import took 0.006107 seconds .

========================================================================
Received Import Request.
  Time since last request: 12.655340 seconds.
  path: Assets/FluidSim3D/Prefabs/SmokeSphere.prefab
  artifactKey: Guid(a1cefe4dde5c4fd40899dcf4ffbddde4) Importer(815301076,1909f56bfc062723c751e8b465ee728b)
Start importing Assets/FluidSim3D/Prefabs/SmokeSphere.prefab using Guid(a1cefe4dde5c4fd40899dcf4ffbddde4) Importer(815301076,1909f56bfc062723c751e8b465ee728b)  -> (artifact id: '5756375fa42cc88d62145585de262894') in 0.036040 seconds
  Import took 0.037873 seconds .

========================================================================
Received Import Request.
  Time since last request: 29.399099 seconds.
  path: Assets/FluidSim3D/Prefabs/SmokeSphere.prefab
  artifactKey: Guid(a1cefe4dde5c4fd40899dcf4ffbddde4) Importer(815301076,1909f56bfc062723c751e8b465ee728b)
Start importing Assets/FluidSim3D/Prefabs/SmokeSphere.prefab using Guid(a1cefe4dde5c4fd40899dcf4ffbddde4) Importer(815301076,1909f56bfc062723c751e8b465ee728b)  -> (artifact id: '0cd52eecdc312367f853d7b466e8721c') in 0.084521 seconds
  Import took 0.086462 seconds .

========================================================================
Received Import Request.
  Time since last request: 4.956759 seconds.
  path: Assets/FluidSim3D/Prefabs/SmokeSphere.prefab
  artifactKey: Guid(a1cefe4dde5c4fd40899dcf4ffbddde4) Importer(815301076,1909f56bfc062723c751e8b465ee728b)
Start importing Assets/FluidSim3D/Prefabs/SmokeSphere.prefab using Guid(a1cefe4dde5c4fd40899dcf4ffbddde4) Importer(815301076,1909f56bfc062723c751e8b465ee728b)  -> (artifact id: '679a23477099cb64ee15cdb8e6ada2bc') in 0.009415 seconds
  Import took 0.011573 seconds .

========================================================================
Received Import Request.
  Time since last request: 24.903233 seconds.
  path: Assets/FluidSim3D/Prefabs/SmokeSphere.prefab
  artifactKey: Guid(a1cefe4dde5c4fd40899dcf4ffbddde4) Importer(815301076,1909f56bfc062723c751e8b465ee728b)
Start importing Assets/FluidSim3D/Prefabs/SmokeSphere.prefab using Guid(a1cefe4dde5c4fd40899dcf4ffbddde4) Importer(815301076,1909f56bfc062723c751e8b465ee728b)  -> (artifact id: '2b3d8bf11a926be74822dacb70244346') in 0.025868 seconds
  Import took 0.027645 seconds .

========================================================================
Received Import Request.
  Time since last request: 0.000483 seconds.
  path: Assets/FluidSim3D/Prefabs/SmokeSphere.prefab
  artifactKey: Guid(a1cefe4dde5c4fd40899dcf4ffbddde4) Importer(815301076,1909f56bfc062723c751e8b465ee728b)
Start importing Assets/FluidSim3D/Prefabs/SmokeSphere.prefab using Guid(a1cefe4dde5c4fd40899dcf4ffbddde4) Importer(815301076,1909f56bfc062723c751e8b465ee728b)  -> (artifact id: '2b3d8bf11a926be74822dacb70244346') in 0.024383 seconds
  Import took 0.026013 seconds .

========================================================================
Received Import Request.
  Time since last request: 24.067687 seconds.
  path: Assets/FluidSim3D/Glass.mat
  artifactKey: Guid(a9b16b27bd00fbb469ea34646db15cd0) Importer(815301076,1909f56bfc062723c751e8b465ee728b)
Start importing Assets/FluidSim3D/Glass.mat using Guid(a9b16b27bd00fbb469ea34646db15cd0) Importer(815301076,1909f56bfc062723c751e8b465ee728b)  -> (artifact id: 'f7088eff6584cfbf4f94b2e2dd97b267') in 0.023470 seconds
  Import took 0.025205 seconds .

========================================================================
Received Import Request.
  Time since last request: 90.827235 seconds.
  path: Assets/FluidSim3D/Prefabs/SmokeSphere.prefab
  artifactKey: Guid(a1cefe4dde5c4fd40899dcf4ffbddde4) Importer(815301076,1909f56bfc062723c751e8b465ee728b)
Start importing Assets/FluidSim3D/Prefabs/SmokeSphere.prefab using Guid(a1cefe4dde5c4fd40899dcf4ffbddde4) Importer(815301076,1909f56bfc062723c751e8b465ee728b)  -> (artifact id: 'eece5d98a5a8f54dd0e98c9665b6327c') in 0.009768 seconds
  Import took 0.011796 seconds .

========================================================================
Received Import Request.
  Time since last request: 14.372995 seconds.
  path: Assets/FluidSim3D/Glass.mat
  artifactKey: Guid(a9b16b27bd00fbb469ea34646db15cd0) Importer(815301076,1909f56bfc062723c751e8b465ee728b)
Start importing Assets/FluidSim3D/Glass.mat using Guid(a9b16b27bd00fbb469ea34646db15cd0) Importer(815301076,1909f56bfc062723c751e8b465ee728b)  -> (artifact id: '8d49f29ce96f168a27dd8fbba5d423d1') in 0.018353 seconds
  Import took 0.020113 seconds .

========================================================================
Received Import Request.
  Time since last request: 0.001217 seconds.
  path: Assets/FluidSim3D/Glass.mat
  artifactKey: Guid(a9b16b27bd00fbb469ea34646db15cd0) Importer(815301076,1909f56bfc062723c751e8b465ee728b)
Start importing Assets/FluidSim3D/Glass.mat using Guid(a9b16b27bd00fbb469ea34646db15cd0) Importer(815301076,1909f56bfc062723c751e8b465ee728b)  -> (artifact id: '8d49f29ce96f168a27dd8fbba5d423d1') in 0.024760 seconds
  Import took 0.026579 seconds .

========================================================================
Received Import Request.
  Time since last request: 0.850498 seconds.
  path: Assets/FluidSim3D/Prefabs/SmokeSphere.prefab
  artifactKey: Guid(a1cefe4dde5c4fd40899dcf4ffbddde4) Importer(815301076,1909f56bfc062723c751e8b465ee728b)
Start importing Assets/FluidSim3D/Prefabs/SmokeSphere.prefab using Guid(a1cefe4dde5c4fd40899dcf4ffbddde4) Importer(815301076,1909f56bfc062723c751e8b465ee728b)  -> (artifact id: 'c69cb68b654de24bdb73b505d86214e9') in 0.087854 seconds
  Import took 0.089609 seconds .

========================================================================
Received Import Request.
  Time since last request: 24.397056 seconds.
  path: Assets/FluidSim3D/Prefabs/SmokeSphere.prefab
  artifactKey: Guid(a1cefe4dde5c4fd40899dcf4ffbddde4) Importer(815301076,1909f56bfc062723c751e8b465ee728b)
Start importing Assets/FluidSim3D/Prefabs/SmokeSphere.prefab using Guid(a1cefe4dde5c4fd40899dcf4ffbddde4) Importer(815301076,1909f56bfc062723c751e8b465ee728b)  -> (artifact id: 'a83cb60f462e52c73f553edf6240b666') in 0.104093 seconds
  Import took 0.106076 seconds .

========================================================================
Received Import Request.
  Time since last request: 5.011552 seconds.
  path: Assets/FluidSim3D/Prefabs/SmokeSphere.prefab
  artifactKey: Guid(a1cefe4dde5c4fd40899dcf4ffbddde4) Importer(815301076,1909f56bfc062723c751e8b465ee728b)
Start importing Assets/FluidSim3D/Prefabs/SmokeSphere.prefab using Guid(a1cefe4dde5c4fd40899dcf4ffbddde4) Importer(815301076,1909f56bfc062723c751e8b465ee728b)  -> (artifact id: 'b7b72c9cbdf8eb0b553bd07d07f843d1') in 0.009316 seconds
  Import took 0.011113 seconds .

========================================================================
Received Import Request.
  Time since last request: 1.817646 seconds.
  path: Assets/FluidSim3D/Prefabs/SmokeSphere.prefab
  artifactKey: Guid(a1cefe4dde5c4fd40899dcf4ffbddde4) Importer(815301076,1909f56bfc062723c751e8b465ee728b)
Start importing Assets/FluidSim3D/Prefabs/SmokeSphere.prefab using Guid(a1cefe4dde5c4fd40899dcf4ffbddde4) Importer(815301076,1909f56bfc062723c751e8b465ee728b)  -> (artifact id: '786db5abeb25cd391c6ef365c8ccf1c3') in 0.017498 seconds
  Import took 0.019365 seconds .

========================================================================
Received Prepare
Registering precompiled user dll's ...
Registered in 0.000310 seconds.
Begin MonoManager ReloadAssembly
Native extension for WindowsStandalone target not found
Refreshing native plugins compatible for Editor in 0.21 ms, found 0 plugins.
Preloading 0 native plugins for Editor in 0.00 ms.
Invoked RoslynAnalysisRunner static constructor.
RoslynAnalysisRunner will not be running.
RoslynAnalysisRunner has terminated.
Mono: successfully reloaded assembly
- Completed reload, in  0.558 seconds
Platform modules already initialized, skipping
Refreshing native plugins compatible for Editor in 0.18 ms, found 0 plugins.
Preloading 0 native plugins for Editor in 0.00 ms.
Unloading 1110 Unused Serialized files (Serialized files now loaded: 0)
System memory in use before: 61.0 MB.
System memory in use after: 61.1 MB.

Unloading 4 unused Assets to reduce memory usage. Loaded Objects now: 1660.
Total: 1.580200 ms (FindLiveObjects: 0.173000 ms CreateObjectMapping: 0.040100 ms MarkObjects: 1.355600 ms  DeleteObjects: 0.010600 ms)

========================================================================
Received Prepare
Registering precompiled user dll's ...
Registered in 0.000442 seconds.
Begin MonoManager ReloadAssembly
Native extension for WindowsStandalone target not found
Refreshing native plugins compatible for Editor in 0.19 ms, found 0 plugins.
Preloading 0 native plugins for Editor in 0.00 ms.
Invoked RoslynAnalysisRunner static constructor.
RoslynAnalysisRunner will not be running.
RoslynAnalysisRunner has terminated.
Mono: successfully reloaded assembly
- Completed reload, in  0.536 seconds
Platform modules already initialized, skipping
Refreshing native plugins compatible for Editor in 0.20 ms, found 0 plugins.
Preloading 0 native plugins for Editor in 0.00 ms.
Unloading 1110 Unused Serialized files (Serialized files now loaded: 0)
System memory in use before: 61.0 MB.
System memory in use after: 61.1 MB.

Unloading 4 unused Assets to reduce memory usage. Loaded Objects now: 1663.
Total: 1.476700 ms (FindLiveObjects: 0.154600 ms CreateObjectMapping: 0.037200 ms MarkObjects: 1.273300 ms  DeleteObjects: 0.010500 ms)

========================================================================
Received Prepare
Registering precompiled user dll's ...
Registered in 0.000434 seconds.
Begin MonoManager ReloadAssembly
Native extension for WindowsStandalone target not found
Refreshing native plugins compatible for Editor in 0.19 ms, found 0 plugins.
Preloading 0 native plugins for Editor in 0.00 ms.
Invoked RoslynAnalysisRunner static constructor.
RoslynAnalysisRunner will not be running.
RoslynAnalysisRunner has terminated.
Mono: successfully reloaded assembly
- Completed reload, in  0.538 seconds
Platform modules already initialized, skipping
Refreshing native plugins compatible for Editor in 0.15 ms, found 0 plugins.
Preloading 0 native plugins for Editor in 0.00 ms.
Unloading 1110 Unused Serialized files (Serialized files now loaded: 0)
System memory in use before: 61.0 MB.
System memory in use after: 61.1 MB.

Unloading 4 unused Assets to reduce memory usage. Loaded Objects now: 1666.
Total: 1.414800 ms (FindLiveObjects: 0.132800 ms CreateObjectMapping: 0.029600 ms MarkObjects: 1.242000 ms  DeleteObjects: 0.009700 ms)

========================================================================
Received Import Request.
  Time since last request: 685.886290 seconds.
  path: Assets/OriginFluidSim3D
  artifactKey: Guid(9683ec2463d51304da33ff326beb078e) Importer(815301076,1909f56bfc062723c751e8b465ee728b)
Start importing Assets/OriginFluidSim3D using Guid(9683ec2463d51304da33ff326beb078e) Importer(815301076,1909f56bfc062723c751e8b465ee728b)  -> (artifact id: 'ec25028281ddd53634a21fdc84eefa04') in 0.005260 seconds
  Import took 0.006995 seconds .

========================================================================
Received Import Request.
  Time since last request: 1.956341 seconds.
  path: Assets/OriginFluidSim3D/SmokeFluid.unity
  artifactKey: Guid(ee2cb2b75f001fe47b0921951a02f9f3) Importer(815301076,1909f56bfc062723c751e8b465ee728b)
Start importing Assets/OriginFluidSim3D/SmokeFluid.unity using Guid(ee2cb2b75f001fe47b0921951a02f9f3) Importer(815301076,1909f56bfc062723c751e8b465ee728b)  -> (artifact id: '9cf7fbde7a73a1b17844d7b49db4ac62') in 0.008693 seconds
  Import took 0.010354 seconds .

========================================================================
Received Import Request.
  Time since last request: 6.224373 seconds.
  path: Assets/OriginFluidSim3D/FireFluid.unity
  artifactKey: Guid(88d96cd22251c2f408a026be9c7c1bb9) Importer(815301076,1909f56bfc062723c751e8b465ee728b)
Start importing Assets/OriginFluidSim3D/FireFluid.unity using Guid(88d96cd22251c2f408a026be9c7c1bb9) Importer(815301076,1909f56bfc062723c751e8b465ee728b)  -> (artifact id: '1dcb2f4aa1b7310dbfcb79bbbc5379b7') in 0.003567 seconds
  Import took 0.005168 seconds .

========================================================================
Received Prepare
Registering precompiled user dll's ...
Registered in 0.000330 seconds.
Begin MonoManager ReloadAssembly
Native extension for WindowsStandalone target not found
Refreshing native plugins compatible for Editor in 0.19 ms, found 0 plugins.
Preloading 0 native plugins for Editor in 0.00 ms.
Invoked RoslynAnalysisRunner static constructor.
RoslynAnalysisRunner will not be running.
RoslynAnalysisRunner has terminated.
Mono: successfully reloaded assembly
- Completed reload, in  0.551 seconds
Platform modules already initialized, skipping
Refreshing native plugins compatible for Editor in 0.16 ms, found 0 plugins.
Preloading 0 native plugins for Editor in 0.00 ms.
Unloading 1110 Unused Serialized files (Serialized files now loaded: 0)
System memory in use before: 61.0 MB.
System memory in use after: 61.1 MB.

Unloading 4 unused Assets to reduce memory usage. Loaded Objects now: 1669.
Total: 2.286200 ms (FindLiveObjects: 0.206200 ms CreateObjectMapping: 0.045500 ms MarkObjects: 2.020500 ms  DeleteObjects: 0.013100 ms)

========================================================================
Received Prepare
Registering precompiled user dll's ...
Registered in 0.000332 seconds.
Begin MonoManager ReloadAssembly
Native extension for WindowsStandalone target not found
Refreshing native plugins compatible for Editor in 0.19 ms, found 0 plugins.
Preloading 0 native plugins for Editor in 0.00 ms.
Invoked RoslynAnalysisRunner static constructor.
RoslynAnalysisRunner will not be running.
RoslynAnalysisRunner has terminated.
Mono: successfully reloaded assembly
- Completed reload, in  0.565 seconds
Platform modules already initialized, skipping
Refreshing native plugins compatible for Editor in 0.16 ms, found 0 plugins.
Preloading 0 native plugins for Editor in 0.00 ms.
Unloading 1110 Unused Serialized files (Serialized files now loaded: 0)
System memory in use before: 61.0 MB.
System memory in use after: 61.1 MB.

Unloading 4 unused Assets to reduce memory usage. Loaded Objects now: 1672.
Total: 1.450600 ms (FindLiveObjects: 0.133500 ms CreateObjectMapping: 0.036200 ms MarkObjects: 1.268800 ms  DeleteObjects: 0.011600 ms)

========================================================================
Received Import Request.
  Time since last request: 227.987034 seconds.
  path: Assets/FluidSim3D/SmokeFluid.unity
  artifactKey: Guid(77228c5d076c6bc4fae6e505baf0f4f6) Importer(815301076,1909f56bfc062723c751e8b465ee728b)
Start importing Assets/FluidSim3D/SmokeFluid.unity using Guid(77228c5d076c6bc4fae6e505baf0f4f6) Importer(815301076,1909f56bfc062723c751e8b465ee728b)  -> (artifact id: '49d8b5c7ba7b5f65d189cf458a99153c') in 0.013787 seconds
  Import took 0.015506 seconds .

========================================================================
Received Prepare
Registering precompiled user dll's ...
Registered in 0.000382 seconds.
Begin MonoManager ReloadAssembly
Native extension for WindowsStandalone target not found
Refreshing native plugins compatible for Editor in 0.20 ms, found 0 plugins.
Preloading 0 native plugins for Editor in 0.00 ms.
Invoked RoslynAnalysisRunner static constructor.
RoslynAnalysisRunner will not be running.
RoslynAnalysisRunner has terminated.
Mono: successfully reloaded assembly
- Completed reload, in  0.545 seconds
Platform modules already initialized, skipping
Refreshing native plugins compatible for Editor in 0.22 ms, found 0 plugins.
Preloading 0 native plugins for Editor in 0.00 ms.
Unloading 1110 Unused Serialized files (Serialized files now loaded: 0)
System memory in use before: 61.0 MB.
System memory in use after: 61.1 MB.

Unloading 4 unused Assets to reduce memory usage. Loaded Objects now: 1675.
Total: 2.146200 ms (FindLiveObjects: 0.305800 ms CreateObjectMapping: 0.099100 ms MarkObjects: 1.724100 ms  DeleteObjects: 0.015900 ms)

========================================================================
Received Prepare
Registering precompiled user dll's ...
Registered in 0.000354 seconds.
Begin MonoManager ReloadAssembly
Native extension for WindowsStandalone target not found
Refreshing native plugins compatible for Editor in 0.19 ms, found 0 plugins.
Preloading 0 native plugins for Editor in 0.00 ms.
Invoked RoslynAnalysisRunner static constructor.
RoslynAnalysisRunner will not be running.
RoslynAnalysisRunner has terminated.
Mono: successfully reloaded assembly
- Completed reload, in  0.561 seconds
Platform modules already initialized, skipping
Refreshing native plugins compatible for Editor in 0.25 ms, found 0 plugins.
Preloading 0 native plugins for Editor in 0.00 ms.
Unloading 1110 Unused Serialized files (Serialized files now loaded: 0)
System memory in use before: 61.0 MB.
System memory in use after: 61.1 MB.

Unloading 4 unused Assets to reduce memory usage. Loaded Objects now: 1678.
Total: 1.739800 ms (FindLiveObjects: 0.192900 ms CreateObjectMapping: 0.041200 ms MarkObjects: 1.494800 ms  DeleteObjects: 0.010200 ms)

========================================================================
Received Prepare
Registering precompiled user dll's ...
Registered in 0.000360 seconds.
Begin MonoManager ReloadAssembly
Native extension for WindowsStandalone target not found
Refreshing native plugins compatible for Editor in 0.19 ms, found 0 plugins.
Preloading 0 native plugins for Editor in 0.00 ms.
Invoked RoslynAnalysisRunner static constructor.
RoslynAnalysisRunner will not be running.
RoslynAnalysisRunner has terminated.
Mono: successfully reloaded assembly
- Completed reload, in  0.575 seconds
Platform modules already initialized, skipping
Refreshing native plugins compatible for Editor in 0.18 ms, found 0 plugins.
Preloading 0 native plugins for Editor in 0.00 ms.
Unloading 1110 Unused Serialized files (Serialized files now loaded: 0)
System memory in use before: 61.0 MB.
System memory in use after: 61.1 MB.

Unloading 4 unused Assets to reduce memory usage. Loaded Objects now: 1681.
Total: 1.494900 ms (FindLiveObjects: 0.143400 ms CreateObjectMapping: 0.033500 ms MarkObjects: 1.307300 ms  DeleteObjects: 0.010200 ms)

========================================================================
Received Prepare
Registering precompiled user dll's ...
Registered in 0.000372 seconds.
Begin MonoManager ReloadAssembly
Native extension for WindowsStandalone target not found
Refreshing native plugins compatible for Editor in 0.29 ms, found 0 plugins.
Preloading 0 native plugins for Editor in 0.00 ms.
Invoked RoslynAnalysisRunner static constructor.
RoslynAnalysisRunner will not be running.
RoslynAnalysisRunner has terminated.
Mono: successfully reloaded assembly
- Completed reload, in  0.573 seconds
Platform modules already initialized, skipping
Refreshing native plugins compatible for Editor in 0.30 ms, found 0 plugins.
Preloading 0 native plugins for Editor in 0.00 ms.
Unloading 1110 Unused Serialized files (Serialized files now loaded: 0)
System memory in use before: 61.0 MB.
System memory in use after: 61.1 MB.

Unloading 4 unused Assets to reduce memory usage. Loaded Objects now: 1684.
Total: 1.801200 ms (FindLiveObjects: 0.262100 ms CreateObjectMapping: 0.074400 ms MarkObjects: 1.452600 ms  DeleteObjects: 0.011100 ms)

========================================================================
Received Prepare
Registering precompiled user dll's ...
Registered in 0.000332 seconds.
Begin MonoManager ReloadAssembly
Native extension for WindowsStandalone target not found
Refreshing native plugins compatible for Editor in 0.19 ms, found 0 plugins.
Preloading 0 native plugins for Editor in 0.00 ms.
Invoked RoslynAnalysisRunner static constructor.
RoslynAnalysisRunner will not be running.
RoslynAnalysisRunner has terminated.
Mono: successfully reloaded assembly
- Completed reload, in  0.536 seconds
Platform modules already initialized, skipping
Refreshing native plugins compatible for Editor in 0.30 ms, found 0 plugins.
Preloading 0 native plugins for Editor in 0.00 ms.
Unloading 1110 Unused Serialized files (Serialized files now loaded: 0)
System memory in use before: 61.0 MB.
System memory in use after: 61.1 MB.

Unloading 4 unused Assets to reduce memory usage. Loaded Objects now: 1687.
Total: 1.423500 ms (FindLiveObjects: 0.127400 ms CreateObjectMapping: 0.030800 ms MarkObjects: 1.254700 ms  DeleteObjects: 0.009900 ms)

========================================================================
Received Prepare
Registering precompiled user dll's ...
Registered in 0.000419 seconds.
Begin MonoManager ReloadAssembly
Native extension for WindowsStandalone target not found
Refreshing native plugins compatible for Editor in 0.20 ms, found 0 plugins.
Preloading 0 native plugins for Editor in 0.00 ms.
Invoked RoslynAnalysisRunner static constructor.
RoslynAnalysisRunner will not be running.
RoslynAnalysisRunner has terminated.
Mono: successfully reloaded assembly
- Completed reload, in  0.528 seconds
Platform modules already initialized, skipping
Refreshing native plugins compatible for Editor in 0.16 ms, found 0 plugins.
Preloading 0 native plugins for Editor in 0.00 ms.
Unloading 1110 Unused Serialized files (Serialized files now loaded: 0)
System memory in use before: 61.0 MB.
System memory in use after: 61.1 MB.

Unloading 4 unused Assets to reduce memory usage. Loaded Objects now: 1690.
Total: 1.513400 ms (FindLiveObjects: 0.129400 ms CreateObjectMapping: 0.035900 ms MarkObjects: 1.336700 ms  DeleteObjects: 0.010800 ms)

========================================================================
Received Import Request.
  Time since last request: 624.169667 seconds.
  path: Assets/FluidSim3D/SmokeFluid.unity
  artifactKey: Guid(77228c5d076c6bc4fae6e505baf0f4f6) Importer(815301076,1909f56bfc062723c751e8b465ee728b)
Start importing Assets/FluidSim3D/SmokeFluid.unity using Guid(77228c5d076c6bc4fae6e505baf0f4f6) Importer(815301076,1909f56bfc062723c751e8b465ee728b)  -> (artifact id: '0c4a10c50221658b03a6e779eb8c3243') in 0.009973 seconds
  Import took 0.011701 seconds .

========================================================================
Received Import Request.
  Time since last request: 0.006919 seconds.
  path: Assets/FluidSim3D/SmokeFluid.unity
  artifactKey: Guid(77228c5d076c6bc4fae6e505baf0f4f6) Importer(815301076,1909f56bfc062723c751e8b465ee728b)
Start importing Assets/FluidSim3D/SmokeFluid.unity using Guid(77228c5d076c6bc4fae6e505baf0f4f6) Importer(815301076,1909f56bfc062723c751e8b465ee728b)  -> (artifact id: '0c4a10c50221658b03a6e779eb8c3243') in 0.003222 seconds
  Import took 0.004703 seconds .

========================================================================
Received Import Request.
  Time since last request: 12.616918 seconds.
  path: Assets/FluidSim3D/Materials/SmokeRayCast.mat
  artifactKey: Guid(dfd547b8d6e669e43901fd5e9e8632f1) Importer(815301076,1909f56bfc062723c751e8b465ee728b)
Start importing Assets/FluidSim3D/Materials/SmokeRayCast.mat using Guid(dfd547b8d6e669e43901fd5e9e8632f1) Importer(815301076,1909f56bfc062723c751e8b465ee728b)  -> (artifact id: '03c58094553b789b877e65450d507281') in 0.056486 seconds
  Import took 0.058246 seconds .

========================================================================
Received Prepare
Registering precompiled user dll's ...
Registered in 0.000321 seconds.
Begin MonoManager ReloadAssembly
Native extension for WindowsStandalone target not found
Refreshing native plugins compatible for Editor in 0.19 ms, found 0 plugins.
Preloading 0 native plugins for Editor in 0.00 ms.
Invoked RoslynAnalysisRunner static constructor.
RoslynAnalysisRunner will not be running.
RoslynAnalysisRunner has terminated.
Mono: successfully reloaded assembly
- Completed reload, in  0.539 seconds
Platform modules already initialized, skipping
Refreshing native plugins compatible for Editor in 0.16 ms, found 0 plugins.
Preloading 0 native plugins for Editor in 0.00 ms.
Unloading 1110 Unused Serialized files (Serialized files now loaded: 0)
System memory in use before: 61.0 MB.
System memory in use after: 61.2 MB.

Unloading 4 unused Assets to reduce memory usage. Loaded Objects now: 1694.
Total: 1.486900 ms (FindLiveObjects: 0.124600 ms CreateObjectMapping: 0.032600 ms MarkObjects: 1.318600 ms  DeleteObjects: 0.009700 ms)

========================================================================
Received Import Request.
  Time since last request: 82.595735 seconds.
  path: Assets/FluidSim3D/Materials/SmokeRayCast.mat
  artifactKey: Guid(dfd547b8d6e669e43901fd5e9e8632f1) Importer(815301076,1909f56bfc062723c751e8b465ee728b)
Start importing Assets/FluidSim3D/Materials/SmokeRayCast.mat using Guid(dfd547b8d6e669e43901fd5e9e8632f1) Importer(815301076,1909f56bfc062723c751e8b465ee728b)  -> (artifact id: 'e1fde76650e25b1d2bf7a5a6585d7982') in 0.043575 seconds
  Import took 0.045295 seconds .

========================================================================
Received Prepare
Registering precompiled user dll's ...
Registered in 0.000329 seconds.
Begin MonoManager ReloadAssembly
Native extension for WindowsStandalone target not found
Refreshing native plugins compatible for Editor in 0.20 ms, found 0 plugins.
Preloading 0 native plugins for Editor in 0.00 ms.
Invoked RoslynAnalysisRunner static constructor.
RoslynAnalysisRunner will not be running.
RoslynAnalysisRunner has terminated.
Mono: successfully reloaded assembly
- Completed reload, in  0.529 seconds
Platform modules already initialized, skipping
Refreshing native plugins compatible for Editor in 0.17 ms, found 0 plugins.
Preloading 0 native plugins for Editor in 0.00 ms.
Unloading 1110 Unused Serialized files (Serialized files now loaded: 0)
System memory in use before: 61.1 MB.
System memory in use after: 61.2 MB.

Unloading 4 unused Assets to reduce memory usage. Loaded Objects now: 1698.
Total: 1.248600 ms (FindLiveObjects: 0.140700 ms CreateObjectMapping: 0.029400 ms MarkObjects: 1.068300 ms  DeleteObjects: 0.009500 ms)

========================================================================
Received Prepare
Registering precompiled user dll's ...
Registered in 0.000297 seconds.
Begin MonoManager ReloadAssembly
Native extension for WindowsStandalone target not found
Refreshing native plugins compatible for Editor in 0.19 ms, found 0 plugins.
Preloading 0 native plugins for Editor in 0.00 ms.
Invoked RoslynAnalysisRunner static constructor.
RoslynAnalysisRunner will not be running.
RoslynAnalysisRunner has terminated.
Mono: successfully reloaded assembly
- Completed reload, in  0.536 seconds
Platform modules already initialized, skipping
Refreshing native plugins compatible for Editor in 0.18 ms, found 0 plugins.
Preloading 0 native plugins for Editor in 0.00 ms.
Unloading 1110 Unused Serialized files (Serialized files now loaded: 0)
System memory in use before: 61.1 MB.
System memory in use after: 61.2 MB.

Unloading 4 unused Assets to reduce memory usage. Loaded Objects now: 1701.
Total: 1.641500 ms (FindLiveObjects: 0.196700 ms CreateObjectMapping: 0.045700 ms MarkObjects: 1.388000 ms  DeleteObjects: 0.010100 ms)

========================================================================
Received Import Request.
  Time since last request: 214.991622 seconds.
  path: Assets/FluidSim3D/tran.mat
  artifactKey: Guid(7155424877312d743aadd47c60a1f06b) Importer(815301076,1909f56bfc062723c751e8b465ee728b)
Start importing Assets/FluidSim3D/tran.mat using Guid(7155424877312d743aadd47c60a1f06b) Importer(815301076,1909f56bfc062723c751e8b465ee728b)  -> (artifact id: '70c5d0549d7d86d6a666ff73c15976c8') in 0.063617 seconds
  Import took 0.065352 seconds .

========================================================================
Received Prepare
Registering precompiled user dll's ...
Registered in 0.000417 seconds.
Begin MonoManager ReloadAssembly
Native extension for WindowsStandalone target not found
Refreshing native plugins compatible for Editor in 0.20 ms, found 0 plugins.
Preloading 0 native plugins for Editor in 0.00 ms.
Invoked RoslynAnalysisRunner static constructor.
RoslynAnalysisRunner will not be running.
RoslynAnalysisRunner has terminated.
Mono: successfully reloaded assembly
- Completed reload, in  0.541 seconds
Platform modules already initialized, skipping
Refreshing native plugins compatible for Editor in 0.19 ms, found 0 plugins.
Preloading 0 native plugins for Editor in 0.00 ms.
Unloading 1110 Unused Serialized files (Serialized files now loaded: 0)
System memory in use before: 61.1 MB.
System memory in use after: 61.2 MB.

Unloading 4 unused Assets to reduce memory usage. Loaded Objects now: 1705.
Total: 1.306500 ms (FindLiveObjects: 0.134200 ms CreateObjectMapping: 0.030900 ms MarkObjects: 1.129800 ms  DeleteObjects: 0.011100 ms)

========================================================================
Received Prepare
Registering precompiled user dll's ...
Registered in 0.000367 seconds.
Begin MonoManager ReloadAssembly
Native extension for WindowsStandalone target not found
Refreshing native plugins compatible for Editor in 0.19 ms, found 0 plugins.
Preloading 0 native plugins for Editor in 0.00 ms.
Invoked RoslynAnalysisRunner static constructor.
RoslynAnalysisRunner will not be running.
RoslynAnalysisRunner has terminated.
Mono: successfully reloaded assembly
- Completed reload, in  0.523 seconds
Platform modules already initialized, skipping
Refreshing native plugins compatible for Editor in 0.16 ms, found 0 plugins.
Preloading 0 native plugins for Editor in 0.00 ms.
Unloading 1110 Unused Serialized files (Serialized files now loaded: 0)
System memory in use before: 61.1 MB.
System memory in use after: 61.2 MB.

Unloading 4 unused Assets to reduce memory usage. Loaded Objects now: 1708.
Total: 1.782400 ms (FindLiveObjects: 0.280700 ms CreateObjectMapping: 0.065700 ms MarkObjects: 1.424600 ms  DeleteObjects: 0.010600 ms)

========================================================================
Received Import Request.
  Time since last request: 258.344491 seconds.
  path: Assets/FluidSim3D/Scripts/SmokeFluidSim.cs
  artifactKey: Guid(a924471615937564f81ebb1540cd8b36) Importer(815301076,1909f56bfc062723c751e8b465ee728b)
Start importing Assets/FluidSim3D/Scripts/SmokeFluidSim.cs using Guid(a924471615937564f81ebb1540cd8b36) Importer(815301076,1909f56bfc062723c751e8b465ee728b)  -> (artifact id: '0e272828247a40ee9fa1406c9e023959') in 0.004779 seconds
  Import took 0.006519 seconds .

========================================================================
Received Import Request.
  Time since last request: 0.020602 seconds.
  path: Assets/FluidSim3D/Scripts/SmokeFluidSim.cs
  artifactKey: Guid(a924471615937564f81ebb1540cd8b36) Importer(815301076,1909f56bfc062723c751e8b465ee728b)
Start importing Assets/FluidSim3D/Scripts/SmokeFluidSim.cs using Guid(a924471615937564f81ebb1540cd8b36) Importer(815301076,1909f56bfc062723c751e8b465ee728b)  -> (artifact id: '0e272828247a40ee9fa1406c9e023959') in 0.003293 seconds
  Import took 0.004937 seconds .

========================================================================
Received Import Request.
  Time since last request: 11.065986 seconds.
  path: Assets/FluidSim3D/Shaders/SmokeRayCast.shader
  artifactKey: Guid(edf7886cf7d957f4c8416e250df7367c) Importer(815301076,1909f56bfc062723c751e8b465ee728b)
Start importing Assets/FluidSim3D/Shaders/SmokeRayCast.shader using Guid(edf7886cf7d957f4c8416e250df7367c) Importer(815301076,1909f56bfc062723c751e8b465ee728b)  -> (artifact id: 'dcab698255f8fc377ece9ce42fc6f28a') in 0.009664 seconds
  Import took 0.011345 seconds .

========================================================================
Received Import Request.
  Time since last request: 0.000311 seconds.
  path: Assets/FluidSim3D/Shaders/SmokeRayCast.shader
  artifactKey: Guid(edf7886cf7d957f4c8416e250df7367c) Importer(815301076,1909f56bfc062723c751e8b465ee728b)
Start importing Assets/FluidSim3D/Shaders/SmokeRayCast.shader using Guid(edf7886cf7d957f4c8416e250df7367c) Importer(815301076,1909f56bfc062723c751e8b465ee728b)  -> (artifact id: 'dcab698255f8fc377ece9ce42fc6f28a') in 0.004608 seconds
  Import took 0.005986 seconds .

========================================================================
Received Prepare
Registering precompiled user dll's ...
Registered in 0.000351 seconds.
Begin MonoManager ReloadAssembly
Native extension for WindowsStandalone target not found
Refreshing native plugins compatible for Editor in 0.20 ms, found 0 plugins.
Preloading 0 native plugins for Editor in 0.00 ms.
Invoked RoslynAnalysisRunner static constructor.
RoslynAnalysisRunner will not be running.
RoslynAnalysisRunner has terminated.
Mono: successfully reloaded assembly
- Completed reload, in  0.564 seconds
Platform modules already initialized, skipping
Refreshing native plugins compatible for Editor in 0.17 ms, found 0 plugins.
Preloading 0 native plugins for Editor in 0.00 ms.
Unloading 1110 Unused Serialized files (Serialized files now loaded: 0)
System memory in use before: 61.1 MB.
System memory in use after: 61.2 MB.

Unloading 4 unused Assets to reduce memory usage. Loaded Objects now: 1711.
Total: 1.701000 ms (FindLiveObjects: 0.199200 ms CreateObjectMapping: 0.048600 ms MarkObjects: 1.439300 ms  DeleteObjects: 0.012900 ms)

========================================================================
Received Import Request.
  Time since last request: 96.456196 seconds.
  path: Assets/FluidSim3D/Shaders/Kernel.compute
  artifactKey: Guid(b0c62ab1a01f85049a9a3e5119f8a055) Importer(815301076,1909f56bfc062723c751e8b465ee728b)
Start importing Assets/FluidSim3D/Shaders/Kernel.compute using Guid(b0c62ab1a01f85049a9a3e5119f8a055) Importer(815301076,1909f56bfc062723c751e8b465ee728b)  -> (artifact id: '32b1b75a17a2a9291eaae87295833a3d') in 0.010288 seconds
  Import took 0.011911 seconds .

========================================================================
Received Prepare
Registering precompiled user dll's ...
Registered in 0.000345 seconds.
Begin MonoManager ReloadAssembly
Native extension for WindowsStandalone target not found
Refreshing native plugins compatible for Editor in 0.20 ms, found 0 plugins.
Preloading 0 native plugins for Editor in 0.00 ms.
Invoked RoslynAnalysisRunner static constructor.
RoslynAnalysisRunner will not be running.
RoslynAnalysisRunner has terminated.
Mono: successfully reloaded assembly
- Completed reload, in  0.545 seconds
Platform modules already initialized, skipping
Refreshing native plugins compatible for Editor in 0.18 ms, found 0 plugins.
Preloading 0 native plugins for Editor in 0.00 ms.
Unloading 1110 Unused Serialized files (Serialized files now loaded: 0)
System memory in use before: 61.1 MB.
System memory in use after: 61.2 MB.

Unloading 4 unused Assets to reduce memory usage. Loaded Objects now: 1714.
Total: 1.384000 ms (FindLiveObjects: 0.154700 ms CreateObjectMapping: 0.031000 ms MarkObjects: 1.188800 ms  DeleteObjects: 0.008900 ms)

========================================================================
Received Import Request.
  Time since last request: 156.102453 seconds.
  path: Assets/FluidSim3D/Shaders/Kernel.compute
  artifactKey: Guid(b0c62ab1a01f85049a9a3e5119f8a055) Importer(815301076,1909f56bfc062723c751e8b465ee728b)
Start importing Assets/FluidSim3D/Shaders/Kernel.compute using Guid(b0c62ab1a01f85049a9a3e5119f8a055) Importer(815301076,1909f56bfc062723c751e8b465ee728b)  -> (artifact id: '895a9151b3f7c28f32832fe7a647696f') in 0.029052 seconds
  Import took 0.030897 seconds .

========================================================================
Received Prepare
Registering precompiled user dll's ...
Registered in 0.000329 seconds.
Begin MonoManager ReloadAssembly
Native extension for WindowsStandalone target not found
Refreshing native plugins compatible for Editor in 0.19 ms, found 0 plugins.
Preloading 0 native plugins for Editor in 0.00 ms.
Invoked RoslynAnalysisRunner static constructor.
RoslynAnalysisRunner will not be running.
RoslynAnalysisRunner has terminated.
Mono: successfully reloaded assembly
- Completed reload, in  0.531 seconds
Platform modules already initialized, skipping
Refreshing native plugins compatible for Editor in 0.16 ms, found 0 plugins.
Preloading 0 native plugins for Editor in 0.00 ms.
Unloading 1110 Unused Serialized files (Serialized files now loaded: 0)
System memory in use before: 61.1 MB.
System memory in use after: 61.2 MB.

Unloading 4 unused Assets to reduce memory usage. Loaded Objects now: 1717.
Total: 1.481900 ms (FindLiveObjects: 0.158900 ms CreateObjectMapping: 0.035100 ms MarkObjects: 1.277500 ms  DeleteObjects: 0.009800 ms)

========================================================================
Received Prepare
Registering precompiled user dll's ...
Registered in 0.000450 seconds.
Begin MonoManager ReloadAssembly
Native extension for WindowsStandalone target not found
Refreshing native plugins compatible for Editor in 0.27 ms, found 0 plugins.
Preloading 0 native plugins for Editor in 0.00 ms.
Invoked RoslynAnalysisRunner static constructor.
RoslynAnalysisRunner will not be running.
RoslynAnalysisRunner has terminated.
Mono: successfully reloaded assembly
- Completed reload, in  0.550 seconds
Platform modules already initialized, skipping
Refreshing native plugins compatible for Editor in 0.18 ms, found 0 plugins.
Preloading 0 native plugins for Editor in 0.00 ms.
Unloading 1110 Unused Serialized files (Serialized files now loaded: 0)
System memory in use before: 61.1 MB.
System memory in use after: 61.2 MB.

Unloading 4 unused Assets to reduce memory usage. Loaded Objects now: 1720.
Total: 1.355800 ms (FindLiveObjects: 0.159100 ms CreateObjectMapping: 0.042200 ms MarkObjects: 1.142900 ms  DeleteObjects: 0.010300 ms)

========================================================================
Received Prepare
Registering precompiled user dll's ...
Registered in 0.000519 seconds.
Begin MonoManager ReloadAssembly
Native extension for WindowsStandalone target not found
Refreshing native plugins compatible for Editor in 0.19 ms, found 0 plugins.
Preloading 0 native plugins for Editor in 0.00 ms.
Invoked RoslynAnalysisRunner static constructor.
RoslynAnalysisRunner will not be running.
RoslynAnalysisRunner has terminated.
Mono: successfully reloaded assembly
- Completed reload, in  0.602 seconds
Platform modules already initialized, skipping
Refreshing native plugins compatible for Editor in 0.20 ms, found 0 plugins.
Preloading 0 native plugins for Editor in 0.00 ms.
Unloading 1110 Unused Serialized files (Serialized files now loaded: 0)
System memory in use before: 61.1 MB.
System memory in use after: 61.2 MB.

Unloading 4 unused Assets to reduce memory usage. Loaded Objects now: 1723.
Total: 1.679600 ms (FindLiveObjects: 0.210000 ms CreateObjectMapping: 0.044800 ms MarkObjects: 1.408800 ms  DeleteObjects: 0.014900 ms)

========================================================================
Received Import Request.
  Time since last request: 52226.535806 seconds.
  path: Assets/FluidSim3D/tran.mat
  artifactKey: Guid(7155424877312d743aadd47c60a1f06b) Importer(815301076,1909f56bfc062723c751e8b465ee728b)
Start importing Assets/FluidSim3D/tran.mat using Guid(7155424877312d743aadd47c60a1f06b) Importer(815301076,1909f56bfc062723c751e8b465ee728b)  -> (artifact id: 'e010d24433422b5cf830398c634aea6a') in 0.056191 seconds
  Import took 0.058085 seconds .

========================================================================
Received Prepare
Registering precompiled user dll's ...
Registered in 0.000512 seconds.
Begin MonoManager ReloadAssembly
Native extension for WindowsStandalone target not found
Refreshing native plugins compatible for Editor in 0.19 ms, found 0 plugins.
Preloading 0 native plugins for Editor in 0.00 ms.
Invoked RoslynAnalysisRunner static constructor.
RoslynAnalysisRunner will not be running.
RoslynAnalysisRunner has terminated.
Mono: successfully reloaded assembly
- Completed reload, in  0.554 seconds
Platform modules already initialized, skipping
Refreshing native plugins compatible for Editor in 0.20 ms, found 0 plugins.
Preloading 0 native plugins for Editor in 0.00 ms.
Unloading 1110 Unused Serialized files (Serialized files now loaded: 0)
System memory in use before: 61.1 MB.
System memory in use after: 61.2 MB.

Unloading 4 unused Assets to reduce memory usage. Loaded Objects now: 1727.
Total: 1.587100 ms (FindLiveObjects: 0.184600 ms CreateObjectMapping: 0.039700 ms MarkObjects: 1.352200 ms  DeleteObjects: 0.010000 ms)

========================================================================
Received Prepare
Registering precompiled user dll's ...
Registered in 0.000387 seconds.
Begin MonoManager ReloadAssembly
Native extension for WindowsStandalone target not found
Refreshing native plugins compatible for Editor in 0.21 ms, found 0 plugins.
Preloading 0 native plugins for Editor in 0.00 ms.
Invoked RoslynAnalysisRunner static constructor.
RoslynAnalysisRunner will not be running.
RoslynAnalysisRunner has terminated.
Mono: successfully reloaded assembly
- Completed reload, in  0.542 seconds
Platform modules already initialized, skipping
Refreshing native plugins compatible for Editor in 0.18 ms, found 0 plugins.
Preloading 0 native plugins for Editor in 0.00 ms.
Unloading 1110 Unused Serialized files (Serialized files now loaded: 0)
System memory in use before: 61.2 MB.
System memory in use after: 61.3 MB.

Unloading 4 unused Assets to reduce memory usage. Loaded Objects now: 1730.
Total: 1.677300 ms (FindLiveObjects: 0.180600 ms CreateObjectMapping: 0.045300 ms MarkObjects: 1.438900 ms  DeleteObjects: 0.011100 ms)

========================================================================
Received Prepare
Registering precompiled user dll's ...
Registered in 0.000353 seconds.
Begin MonoManager ReloadAssembly
Native extension for WindowsStandalone target not found
Refreshing native plugins compatible for Editor in 0.20 ms, found 0 plugins.
Preloading 0 native plugins for Editor in 0.00 ms.
Invoked RoslynAnalysisRunner static constructor.
RoslynAnalysisRunner will not be running.
RoslynAnalysisRunner has terminated.
Mono: successfully reloaded assembly
- Completed reload, in  0.539 seconds
Platform modules already initialized, skipping
Refreshing native plugins compatible for Editor in 0.18 ms, found 0 plugins.
Preloading 0 native plugins for Editor in 0.00 ms.
Unloading 1110 Unused Serialized files (Serialized files now loaded: 0)
System memory in use before: 61.2 MB.
System memory in use after: 61.3 MB.

Unloading 4 unused Assets to reduce memory usage. Loaded Objects now: 1733.
Total: 1.463900 ms (FindLiveObjects: 0.124900 ms CreateObjectMapping: 0.030900 ms MarkObjects: 1.296800 ms  DeleteObjects: 0.010600 ms)

========================================================================
Received Prepare
Registering precompiled user dll's ...
Registered in 0.000353 seconds.
Begin MonoManager ReloadAssembly
Native extension for WindowsStandalone target not found
Refreshing native plugins compatible for Editor in 0.19 ms, found 0 plugins.
Preloading 0 native plugins for Editor in 0.00 ms.
Invoked RoslynAnalysisRunner static constructor.
RoslynAnalysisRunner will not be running.
RoslynAnalysisRunner has terminated.
Mono: successfully reloaded assembly
- Completed reload, in  0.552 seconds
Platform modules already initialized, skipping
Refreshing native plugins compatible for Editor in 0.17 ms, found 0 plugins.
Preloading 0 native plugins for Editor in 0.00 ms.
Unloading 1110 Unused Serialized files (Serialized files now loaded: 0)
System memory in use before: 61.2 MB.
System memory in use after: 61.3 MB.

Unloading 4 unused Assets to reduce memory usage. Loaded Objects now: 1736.
Total: 1.633500 ms (FindLiveObjects: 0.139400 ms CreateObjectMapping: 0.035700 ms MarkObjects: 1.447400 ms  DeleteObjects: 0.010300 ms)

