Using pre-set license
Built from '2020.3/china_unity/release' branch; Version is '2020.3.0f1c1 (1e553bf703d9) revision 1987899'; Using compiler version '192528614'; Build Type 'Release'
OS: 'Windows 10 Pro; OS build 19043.1348; Version 2009; 64bit' Language: 'zh' Physical Memory: 16273 MB
BatchMode: 1, IsHumanControllingUs: 0, StartBugReporterOnCrash: 0, Is64bit: 1, IsPro: 0

 COMMAND LINE ARGUMENTS:
C:\Program Files\Unity\Editor\Unity.exe
-adb2
-batchMode
-noUpm
-name
AssetImportWorker0
-projectPath
F:/2021b/AwesomeEffects/StableFluids
-logFile
Logs/AssetImportWorker0.log
-srvPort
50103
Successfully changed project path to: F:/2021b/AwesomeEffects/StableFluids
F:/2021b/AwesomeEffects/StableFluids
Using Asset Import Pipeline V2.
Refreshing native plugins compatible for Editor in 16.18 ms, found 0 plugins.
Preloading 0 native plugins for Editor in 0.00 ms.
Initialize engine version: 2020.3.0f1c1 (1e553bf703d9)
[Subsystems] Discovering subsystems at path C:/Program Files/Unity/Editor/Data/Resources/UnitySubsystems
[Subsystems] Discovering subsystems at path F:/2021b/AwesomeEffects/StableFluids/Assets
GfxDevice: creating device client; threaded=0
Direct3D:
    Version:  Direct3D 11.0 [level 11.1]
    Renderer: NVIDIA GeForce RTX 3080 (ID=0x2206)
    Vendor:   
    VRAM:     10078 MB
    Driver:   27.21.14.5671
Initialize mono
Mono path[0] = 'C:/Program Files/Unity/Editor/Data/Managed'
Mono path[1] = 'C:/Program Files/Unity/Editor/Data/MonoBleedingEdge/lib/mono/unityjit'
Mono config path = 'C:/Program Files/Unity/Editor/Data/MonoBleedingEdge/etc'
Using monoOptions --debugger-agent=transport=dt_socket,embedding=1,server=y,suspend=n,address=127.0.0.1:56116
Begin MonoManager ReloadAssembly
Registering precompiled unity dll's ...
Register platform support module: C:/Program Files/Unity/Editor/Data/PlaybackEngines/WindowsStandaloneSupport/UnityEditor.WindowsStandalone.Extensions.dll
Registered in 0.001286 seconds.
Native extension for WindowsStandalone target not found
Refreshing native plugins compatible for Editor in 16.73 ms, found 0 plugins.
Preloading 0 native plugins for Editor in 0.00 ms.
Invoked RoslynAnalysisRunner static constructor.
RoslynAnalysisRunner will not be running.
RoslynAnalysisRunner has terminated.
Mono: successfully reloaded assembly
- Completed reload, in  0.574 seconds
Platform modules already initialized, skipping
Registering precompiled user dll's ...
Registered in 0.000363 seconds.
Begin MonoManager ReloadAssembly
Native extension for WindowsStandalone target not found
Refreshing native plugins compatible for Editor in 0.19 ms, found 0 plugins.
Preloading 0 native plugins for Editor in 0.00 ms.
Invoked RoslynAnalysisRunner static constructor.
RoslynAnalysisRunner will not be running.
RoslynAnalysisRunner has terminated.
Mono: successfully reloaded assembly
- Completed reload, in  0.584 seconds
Platform modules already initialized, skipping
========================================================================
Worker process is ready to serve import requests
Launched and connected shader compiler UnityShaderCompiler.exe after 0.03 seconds
Refreshing native plugins compatible for Editor in 0.37 ms, found 0 plugins.
Preloading 0 native plugins for Editor in 0.00 ms.
Unloading 1119 Unused Serialized files (Serialized files now loaded: 0)
System memory in use before: 57.6 MB.
System memory in use after: 57.7 MB.

Unloading 9 unused Assets to reduce memory usage. Loaded Objects now: 1563.
Total: 1.992400 ms (FindLiveObjects: 0.215800 ms CreateObjectMapping: 0.064100 ms MarkObjects: 1.660800 ms  DeleteObjects: 0.049800 ms)

========================================================================
Received Import Request.
  path: Assets/StableFluid/Fluid.shader
  artifactKey: Guid(c654376a72d12964f813be4e4d1c3f60) Importer(815301076,1909f56bfc062723c751e8b465ee728b)
Start importing Assets/StableFluid/Fluid.shader using Guid(c654376a72d12964f813be4e4d1c3f60) Importer(815301076,1909f56bfc062723c751e8b465ee728b)  -> (artifact id: 'eff48ef4e0d73494705b6849563d53f1') in 0.022661 seconds
  Import took 0.024373 seconds .

========================================================================
Received Import Request.
  Time since last request: 0.000202 seconds.
  path: Assets/StableFluid
  artifactKey: Guid(8c8d6354f9b6f8848b9b0c2e9b1953dd) Importer(815301076,1909f56bfc062723c751e8b465ee728b)
Start importing Assets/StableFluid using Guid(8c8d6354f9b6f8848b9b0c2e9b1953dd) Importer(815301076,1909f56bfc062723c751e8b465ee728b)  -> (artifact id: 'c92f930b5bff472e0a3c8b43b44d4b6b') in 0.002995 seconds
  Import took 0.004241 seconds .

========================================================================
Received Prepare
Registering precompiled user dll's ...
Registered in 0.000406 seconds.
Begin MonoManager ReloadAssembly
Native extension for WindowsStandalone target not found
Refreshing native plugins compatible for Editor in 0.21 ms, found 0 plugins.
Preloading 0 native plugins for Editor in 0.00 ms.
Invoked RoslynAnalysisRunner static constructor.
RoslynAnalysisRunner will not be running.
RoslynAnalysisRunner has terminated.
Mono: successfully reloaded assembly
- Completed reload, in  0.558 seconds
Platform modules already initialized, skipping
Refreshing native plugins compatible for Editor in 0.19 ms, found 0 plugins.
Preloading 0 native plugins for Editor in 0.00 ms.
Unloading 1110 Unused Serialized files (Serialized files now loaded: 0)
System memory in use before: 57.3 MB.
System memory in use after: 57.4 MB.

Unloading 4 unused Assets to reduce memory usage. Loaded Objects now: 1566.
Total: 1.299400 ms (FindLiveObjects: 0.145100 ms CreateObjectMapping: 0.038600 ms MarkObjects: 1.096100 ms  DeleteObjects: 0.018700 ms)

========================================================================
Received Prepare
Registering precompiled user dll's ...
Registered in 0.000358 seconds.
Begin MonoManager ReloadAssembly
Native extension for WindowsStandalone target not found
Refreshing native plugins compatible for Editor in 0.19 ms, found 0 plugins.
Preloading 0 native plugins for Editor in 0.00 ms.
Invoked RoslynAnalysisRunner static constructor.
RoslynAnalysisRunner will not be running.
RoslynAnalysisRunner has terminated.
Mono: successfully reloaded assembly
- Completed reload, in  0.539 seconds
Platform modules already initialized, skipping
Refreshing native plugins compatible for Editor in 0.13 ms, found 0 plugins.
Preloading 0 native plugins for Editor in 0.00 ms.
Unloading 1110 Unused Serialized files (Serialized files now loaded: 0)
System memory in use before: 57.3 MB.
System memory in use after: 57.4 MB.

Unloading 4 unused Assets to reduce memory usage. Loaded Objects now: 1569.
Total: 3.187000 ms (FindLiveObjects: 0.617600 ms CreateObjectMapping: 0.161400 ms MarkObjects: 2.387200 ms  DeleteObjects: 0.017900 ms)

========================================================================
Received Import Request.
  Time since last request: 69.034560 seconds.
  path: Assets/StableFluid/Fluid.compute
  artifactKey: Guid(3b0811e03f7d9eb439739a060c33634f) Importer(815301076,1909f56bfc062723c751e8b465ee728b)
Start importing Assets/StableFluid/Fluid.compute using Guid(3b0811e03f7d9eb439739a060c33634f) Importer(815301076,1909f56bfc062723c751e8b465ee728b)  -> (artifact id: '2497dfc10549665c6a28bf35ac6ff539') in 0.013882 seconds
  Import took 0.016147 seconds .

========================================================================
Received Import Request.
  Time since last request: 0.000480 seconds.
  path: Assets/StableFluid/Fluid.compute
  artifactKey: Guid(3b0811e03f7d9eb439739a060c33634f) Importer(815301076,1909f56bfc062723c751e8b465ee728b)
Start importing Assets/StableFluid/Fluid.compute using Guid(3b0811e03f7d9eb439739a060c33634f) Importer(815301076,1909f56bfc062723c751e8b465ee728b)  -> (artifact id: '2497dfc10549665c6a28bf35ac6ff539') in 0.003141 seconds
  Import took 0.004959 seconds .

========================================================================
Received Prepare
Registering precompiled user dll's ...
Registered in 0.000381 seconds.
Begin MonoManager ReloadAssembly
Native extension for WindowsStandalone target not found
Refreshing native plugins compatible for Editor in 0.20 ms, found 0 plugins.
Preloading 0 native plugins for Editor in 0.00 ms.
Invoked RoslynAnalysisRunner static constructor.
RoslynAnalysisRunner will not be running.
RoslynAnalysisRunner has terminated.
Mono: successfully reloaded assembly
- Completed reload, in  0.546 seconds
Platform modules already initialized, skipping
Refreshing native plugins compatible for Editor in 0.15 ms, found 0 plugins.
Preloading 0 native plugins for Editor in 0.00 ms.
Unloading 1110 Unused Serialized files (Serialized files now loaded: 0)
System memory in use before: 57.3 MB.
System memory in use after: 57.4 MB.

Unloading 4 unused Assets to reduce memory usage. Loaded Objects now: 1572.
Total: 1.430200 ms (FindLiveObjects: 0.117900 ms CreateObjectMapping: 0.031400 ms MarkObjects: 1.270900 ms  DeleteObjects: 0.009300 ms)

========================================================================
Received Prepare
Registering precompiled user dll's ...
Registered in 0.000328 seconds.
Begin MonoManager ReloadAssembly
Native extension for WindowsStandalone target not found
Refreshing native plugins compatible for Editor in 0.19 ms, found 0 plugins.
Preloading 0 native plugins for Editor in 0.00 ms.
Invoked RoslynAnalysisRunner static constructor.
RoslynAnalysisRunner will not be running.
RoslynAnalysisRunner has terminated.
Mono: successfully reloaded assembly
- Completed reload, in  0.535 seconds
Platform modules already initialized, skipping
Refreshing native plugins compatible for Editor in 0.15 ms, found 0 plugins.
Preloading 0 native plugins for Editor in 0.00 ms.
Unloading 1110 Unused Serialized files (Serialized files now loaded: 0)
System memory in use before: 57.3 MB.
System memory in use after: 57.4 MB.

Unloading 4 unused Assets to reduce memory usage. Loaded Objects now: 1575.
Total: 1.616000 ms (FindLiveObjects: 0.255800 ms CreateObjectMapping: 0.069500 ms MarkObjects: 1.280600 ms  DeleteObjects: 0.009500 ms)

========================================================================
Received Prepare
Registering precompiled user dll's ...
Registered in 0.000341 seconds.
Begin MonoManager ReloadAssembly
Native extension for WindowsStandalone target not found
Refreshing native plugins compatible for Editor in 0.19 ms, found 0 plugins.
Preloading 0 native plugins for Editor in 0.00 ms.
Invoked RoslynAnalysisRunner static constructor.
RoslynAnalysisRunner will not be running.
RoslynAnalysisRunner has terminated.
Mono: successfully reloaded assembly
- Completed reload, in  0.551 seconds
Platform modules already initialized, skipping
Refreshing native plugins compatible for Editor in 0.15 ms, found 0 plugins.
Preloading 0 native plugins for Editor in 0.00 ms.
Unloading 1110 Unused Serialized files (Serialized files now loaded: 0)
System memory in use before: 57.3 MB.
System memory in use after: 57.4 MB.

Unloading 4 unused Assets to reduce memory usage. Loaded Objects now: 1578.
Total: 1.340900 ms (FindLiveObjects: 0.139900 ms CreateObjectMapping: 0.030900 ms MarkObjects: 1.158800 ms  DeleteObjects: 0.010600 ms)

========================================================================
Received Prepare
Registering precompiled user dll's ...
Registered in 0.000380 seconds.
Begin MonoManager ReloadAssembly
Native extension for WindowsStandalone target not found
Refreshing native plugins compatible for Editor in 0.20 ms, found 0 plugins.
Preloading 0 native plugins for Editor in 0.00 ms.
Invoked RoslynAnalysisRunner static constructor.
RoslynAnalysisRunner will not be running.
RoslynAnalysisRunner has terminated.
Mono: successfully reloaded assembly
- Completed reload, in  0.533 seconds
Platform modules already initialized, skipping
Refreshing native plugins compatible for Editor in 0.19 ms, found 0 plugins.
Preloading 0 native plugins for Editor in 0.00 ms.
Unloading 1110 Unused Serialized files (Serialized files now loaded: 0)
System memory in use before: 57.4 MB.
System memory in use after: 57.5 MB.

Unloading 4 unused Assets to reduce memory usage. Loaded Objects now: 1581.
Total: 1.534700 ms (FindLiveObjects: 0.231700 ms CreateObjectMapping: 0.040900 ms MarkObjects: 1.251100 ms  DeleteObjects: 0.009900 ms)

========================================================================
Received Prepare
Registering precompiled user dll's ...
Registered in 0.000349 seconds.
Begin MonoManager ReloadAssembly
Native extension for WindowsStandalone target not found
Refreshing native plugins compatible for Editor in 0.19 ms, found 0 plugins.
Preloading 0 native plugins for Editor in 0.00 ms.
Invoked RoslynAnalysisRunner static constructor.
RoslynAnalysisRunner will not be running.
RoslynAnalysisRunner has terminated.
Mono: successfully reloaded assembly
- Completed reload, in  0.545 seconds
Platform modules already initialized, skipping
Refreshing native plugins compatible for Editor in 0.16 ms, found 0 plugins.
Preloading 0 native plugins for Editor in 0.00 ms.
Unloading 1110 Unused Serialized files (Serialized files now loaded: 0)
System memory in use before: 57.4 MB.
System memory in use after: 57.5 MB.

Unloading 4 unused Assets to reduce memory usage. Loaded Objects now: 1584.
Total: 1.466800 ms (FindLiveObjects: 0.147600 ms CreateObjectMapping: 0.033200 ms MarkObjects: 1.275700 ms  DeleteObjects: 0.009600 ms)

========================================================================
Received Prepare
Registering precompiled user dll's ...
Registered in 0.000385 seconds.
Begin MonoManager ReloadAssembly
Native extension for WindowsStandalone target not found
Refreshing native plugins compatible for Editor in 0.25 ms, found 0 plugins.
Preloading 0 native plugins for Editor in 0.00 ms.
Invoked RoslynAnalysisRunner static constructor.
RoslynAnalysisRunner will not be running.
RoslynAnalysisRunner has terminated.
Mono: successfully reloaded assembly
- Completed reload, in  0.541 seconds
Platform modules already initialized, skipping
Refreshing native plugins compatible for Editor in 0.16 ms, found 0 plugins.
Preloading 0 native plugins for Editor in 0.00 ms.
Unloading 1110 Unused Serialized files (Serialized files now loaded: 0)
System memory in use before: 57.4 MB.
System memory in use after: 57.5 MB.

Unloading 4 unused Assets to reduce memory usage. Loaded Objects now: 1587.
Total: 1.335800 ms (FindLiveObjects: 0.151900 ms CreateObjectMapping: 0.037700 ms MarkObjects: 1.135200 ms  DeleteObjects: 0.010300 ms)

========================================================================
Received Prepare
Registering precompiled user dll's ...
Registered in 0.000491 seconds.
Begin MonoManager ReloadAssembly
Native extension for WindowsStandalone target not found
Refreshing native plugins compatible for Editor in 0.20 ms, found 0 plugins.
Preloading 0 native plugins for Editor in 0.00 ms.
Invoked RoslynAnalysisRunner static constructor.
RoslynAnalysisRunner will not be running.
RoslynAnalysisRunner has terminated.
Mono: successfully reloaded assembly
- Completed reload, in  0.571 seconds
Platform modules already initialized, skipping
Refreshing native plugins compatible for Editor in 0.15 ms, found 0 plugins.
Preloading 0 native plugins for Editor in 0.00 ms.
Unloading 1110 Unused Serialized files (Serialized files now loaded: 0)
System memory in use before: 57.4 MB.
System memory in use after: 57.5 MB.

Unloading 4 unused Assets to reduce memory usage. Loaded Objects now: 1590.
Total: 1.532100 ms (FindLiveObjects: 0.129100 ms CreateObjectMapping: 0.033000 ms MarkObjects: 1.358200 ms  DeleteObjects: 0.011100 ms)

========================================================================
Received Prepare
Registering precompiled user dll's ...
Registered in 0.000413 seconds.
Begin MonoManager ReloadAssembly
Native extension for WindowsStandalone target not found
Refreshing native plugins compatible for Editor in 0.20 ms, found 0 plugins.
Preloading 0 native plugins for Editor in 0.00 ms.
Invoked RoslynAnalysisRunner static constructor.
RoslynAnalysisRunner will not be running.
RoslynAnalysisRunner has terminated.
Mono: successfully reloaded assembly
- Completed reload, in  0.528 seconds
Platform modules already initialized, skipping
Refreshing native plugins compatible for Editor in 0.17 ms, found 0 plugins.
Preloading 0 native plugins for Editor in 0.00 ms.
Unloading 1110 Unused Serialized files (Serialized files now loaded: 0)
System memory in use before: 57.4 MB.
System memory in use after: 57.5 MB.

Unloading 4 unused Assets to reduce memory usage. Loaded Objects now: 1593.
Total: 1.500500 ms (FindLiveObjects: 0.148200 ms CreateObjectMapping: 0.037300 ms MarkObjects: 1.304300 ms  DeleteObjects: 0.010000 ms)

========================================================================
Received Prepare
Registering precompiled user dll's ...
Registered in 0.000345 seconds.
Begin MonoManager ReloadAssembly
Native extension for WindowsStandalone target not found
Refreshing native plugins compatible for Editor in 0.19 ms, found 0 plugins.
Preloading 0 native plugins for Editor in 0.00 ms.
Invoked RoslynAnalysisRunner static constructor.
RoslynAnalysisRunner will not be running.
RoslynAnalysisRunner has terminated.
Mono: successfully reloaded assembly
- Completed reload, in  0.542 seconds
Platform modules already initialized, skipping
Refreshing native plugins compatible for Editor in 0.15 ms, found 0 plugins.
Preloading 0 native plugins for Editor in 0.00 ms.
Unloading 1110 Unused Serialized files (Serialized files now loaded: 0)
System memory in use before: 57.4 MB.
System memory in use after: 57.5 MB.

Unloading 4 unused Assets to reduce memory usage. Loaded Objects now: 1596.
Total: 1.434100 ms (FindLiveObjects: 0.126400 ms CreateObjectMapping: 0.042700 ms MarkObjects: 1.254400 ms  DeleteObjects: 0.009900 ms)

========================================================================
Received Prepare
Registering precompiled user dll's ...
Registered in 0.000357 seconds.
Begin MonoManager ReloadAssembly
Native extension for WindowsStandalone target not found
Refreshing native plugins compatible for Editor in 0.19 ms, found 0 plugins.
Preloading 0 native plugins for Editor in 0.00 ms.
Invoked RoslynAnalysisRunner static constructor.
RoslynAnalysisRunner will not be running.
RoslynAnalysisRunner has terminated.
Mono: successfully reloaded assembly
- Completed reload, in  0.529 seconds
Platform modules already initialized, skipping
Refreshing native plugins compatible for Editor in 0.14 ms, found 0 plugins.
Preloading 0 native plugins for Editor in 0.00 ms.
Unloading 1110 Unused Serialized files (Serialized files now loaded: 0)
System memory in use before: 57.4 MB.
System memory in use after: 57.5 MB.

Unloading 4 unused Assets to reduce memory usage. Loaded Objects now: 1599.
Total: 1.594300 ms (FindLiveObjects: 0.114300 ms CreateObjectMapping: 0.033400 ms MarkObjects: 1.436500 ms  DeleteObjects: 0.009600 ms)

========================================================================
Received Prepare
Registering precompiled user dll's ...
Registered in 0.000687 seconds.
Begin MonoManager ReloadAssembly
Native extension for WindowsStandalone target not found
Refreshing native plugins compatible for Editor in 0.19 ms, found 0 plugins.
Preloading 0 native plugins for Editor in 0.00 ms.
Invoked RoslynAnalysisRunner static constructor.
RoslynAnalysisRunner will not be running.
RoslynAnalysisRunner has terminated.
Mono: successfully reloaded assembly
- Completed reload, in  0.551 seconds
Platform modules already initialized, skipping
Refreshing native plugins compatible for Editor in 0.16 ms, found 0 plugins.
Preloading 0 native plugins for Editor in 0.00 ms.
Unloading 1110 Unused Serialized files (Serialized files now loaded: 0)
System memory in use before: 57.4 MB.
System memory in use after: 57.5 MB.

Unloading 4 unused Assets to reduce memory usage. Loaded Objects now: 1602.
Total: 1.289300 ms (FindLiveObjects: 0.124400 ms CreateObjectMapping: 0.038800 ms MarkObjects: 1.114900 ms  DeleteObjects: 0.010700 ms)

========================================================================
Received Prepare
Registering precompiled user dll's ...
Registered in 0.000346 seconds.
Begin MonoManager ReloadAssembly
Native extension for WindowsStandalone target not found
Refreshing native plugins compatible for Editor in 0.19 ms, found 0 plugins.
Preloading 0 native plugins for Editor in 0.00 ms.
Invoked RoslynAnalysisRunner static constructor.
RoslynAnalysisRunner will not be running.
RoslynAnalysisRunner has terminated.
Mono: successfully reloaded assembly
- Completed reload, in  0.539 seconds
Platform modules already initialized, skipping
Refreshing native plugins compatible for Editor in 0.16 ms, found 0 plugins.
Preloading 0 native plugins for Editor in 0.00 ms.
Unloading 1110 Unused Serialized files (Serialized files now loaded: 0)
System memory in use before: 57.4 MB.
System memory in use after: 57.5 MB.

Unloading 4 unused Assets to reduce memory usage. Loaded Objects now: 1605.
Total: 1.466600 ms (FindLiveObjects: 0.132900 ms CreateObjectMapping: 0.034600 ms MarkObjects: 1.287900 ms  DeleteObjects: 0.010200 ms)

========================================================================
Received Import Request.
  Time since last request: 16122.259622 seconds.
  path: Assets/FluidSim3D/New Material.mat
  artifactKey: Guid(b6905967b733e1c43ae287f4012eece4) Importer(815301076,1909f56bfc062723c751e8b465ee728b)
Start importing Assets/FluidSim3D/New Material.mat using Guid(b6905967b733e1c43ae287f4012eece4) Importer(815301076,1909f56bfc062723c751e8b465ee728b)  -> (artifact id: '344de681b3020135d70454028a581bb0') in 0.072543 seconds
  Import took 0.074408 seconds .

========================================================================
Received Import Request.
  Time since last request: 10.567776 seconds.
  path: Assets/FluidSim3D/SmokeFluid.unity
  artifactKey: Guid(77228c5d076c6bc4fae6e505baf0f4f6) Importer(815301076,1909f56bfc062723c751e8b465ee728b)
Start importing Assets/FluidSim3D/SmokeFluid.unity using Guid(77228c5d076c6bc4fae6e505baf0f4f6) Importer(815301076,1909f56bfc062723c751e8b465ee728b)  -> (artifact id: '85c3a81f05de9f7055aad75de6521a8a') in 0.004459 seconds
  Import took 0.006206 seconds .

========================================================================
Received Import Request.
  Time since last request: 0.710651 seconds.
  path: Assets/FluidSim3D/New Material.mat
  artifactKey: Guid(b6905967b733e1c43ae287f4012eece4) Importer(815301076,1909f56bfc062723c751e8b465ee728b)
Start importing Assets/FluidSim3D/New Material.mat using Guid(b6905967b733e1c43ae287f4012eece4) Importer(815301076,1909f56bfc062723c751e8b465ee728b)  -> (artifact id: '2e8e008e21beb3bdf83d5df8725c9451') in 0.009355 seconds
  Import took 0.011104 seconds .

========================================================================
Received Import Request.
  Time since last request: 0.000163 seconds.
  path: Assets/FluidSim3D/SmokeFluid.unity
  artifactKey: Guid(77228c5d076c6bc4fae6e505baf0f4f6) Importer(815301076,1909f56bfc062723c751e8b465ee728b)
Start importing Assets/FluidSim3D/SmokeFluid.unity using Guid(77228c5d076c6bc4fae6e505baf0f4f6) Importer(815301076,1909f56bfc062723c751e8b465ee728b)  -> (artifact id: '661e7fbf19e6e3fe01ac44b2589ecda6') in 0.003070 seconds
  Import took 0.004500 seconds .

========================================================================
Received Prepare
Registering precompiled user dll's ...
Registered in 0.000452 seconds.
Begin MonoManager ReloadAssembly
Native extension for WindowsStandalone target not found
Refreshing native plugins compatible for Editor in 0.19 ms, found 0 plugins.
Preloading 0 native plugins for Editor in 0.00 ms.
Invoked RoslynAnalysisRunner static constructor.
RoslynAnalysisRunner will not be running.
RoslynAnalysisRunner has terminated.
Mono: successfully reloaded assembly
- Completed reload, in  0.534 seconds
Platform modules already initialized, skipping
Refreshing native plugins compatible for Editor in 0.16 ms, found 0 plugins.
Preloading 0 native plugins for Editor in 0.00 ms.
Unloading 1110 Unused Serialized files (Serialized files now loaded: 0)
System memory in use before: 60.8 MB.
System memory in use after: 60.9 MB.

Unloading 4 unused Assets to reduce memory usage. Loaded Objects now: 1648.
Total: 1.389400 ms (FindLiveObjects: 0.153100 ms CreateObjectMapping: 0.032300 ms MarkObjects: 1.193200 ms  DeleteObjects: 0.010000 ms)

========================================================================
Received Import Request.
  Time since last request: 755.843764 seconds.
  path: Assets/FluidSim3D/Shaders/SmokeRayCast.shader
  artifactKey: Guid(edf7886cf7d957f4c8416e250df7367c) Importer(815301076,1909f56bfc062723c751e8b465ee728b)
Start importing Assets/FluidSim3D/Shaders/SmokeRayCast.shader using Guid(edf7886cf7d957f4c8416e250df7367c) Importer(815301076,1909f56bfc062723c751e8b465ee728b)  -> (artifact id: '23de7ed3455359c1e89feb3882453fad') in 0.011734 seconds
  Import took 0.013904 seconds .

========================================================================
Received Import Request.
  Time since last request: 57.732828 seconds.
  path: Assets/FluidSim3D/SmokeFluid.unity
  artifactKey: Guid(77228c5d076c6bc4fae6e505baf0f4f6) Importer(815301076,1909f56bfc062723c751e8b465ee728b)
Start importing Assets/FluidSim3D/SmokeFluid.unity using Guid(77228c5d076c6bc4fae6e505baf0f4f6) Importer(815301076,1909f56bfc062723c751e8b465ee728b)  -> (artifact id: '9d4d6f677408216f399de3b21eead040') in 0.003599 seconds
  Import took 0.005291 seconds .

========================================================================
Received Prepare
Registering precompiled user dll's ...
Registered in 0.000383 seconds.
Begin MonoManager ReloadAssembly
Native extension for WindowsStandalone target not found
Refreshing native plugins compatible for Editor in 0.20 ms, found 0 plugins.
Preloading 0 native plugins for Editor in 0.00 ms.
Invoked RoslynAnalysisRunner static constructor.
RoslynAnalysisRunner will not be running.
RoslynAnalysisRunner has terminated.
Mono: successfully reloaded assembly
- Completed reload, in  0.529 seconds
Platform modules already initialized, skipping
Refreshing native plugins compatible for Editor in 0.16 ms, found 0 plugins.
Preloading 0 native plugins for Editor in 0.00 ms.
Unloading 1110 Unused Serialized files (Serialized files now loaded: 0)
System memory in use before: 60.8 MB.
System memory in use after: 60.9 MB.

Unloading 4 unused Assets to reduce memory usage. Loaded Objects now: 1651.
Total: 1.369700 ms (FindLiveObjects: 0.111600 ms CreateObjectMapping: 0.030900 ms MarkObjects: 1.216400 ms  DeleteObjects: 0.010100 ms)

========================================================================
Received Prepare
Registering precompiled user dll's ...
Registered in 0.000339 seconds.
Begin MonoManager ReloadAssembly
Native extension for WindowsStandalone target not found
Refreshing native plugins compatible for Editor in 0.19 ms, found 0 plugins.
Preloading 0 native plugins for Editor in 0.00 ms.
Invoked RoslynAnalysisRunner static constructor.
RoslynAnalysisRunner will not be running.
RoslynAnalysisRunner has terminated.
Mono: successfully reloaded assembly
- Completed reload, in  0.556 seconds
Platform modules already initialized, skipping
Refreshing native plugins compatible for Editor in 0.14 ms, found 0 plugins.
Preloading 0 native plugins for Editor in 0.00 ms.
Unloading 1110 Unused Serialized files (Serialized files now loaded: 0)
System memory in use before: 60.8 MB.
System memory in use after: 60.9 MB.

Unloading 4 unused Assets to reduce memory usage. Loaded Objects now: 1654.
Total: 5.265700 ms (FindLiveObjects: 0.396600 ms CreateObjectMapping: 0.127900 ms MarkObjects: 4.695400 ms  DeleteObjects: 0.043000 ms)

========================================================================
Received Import Request.
  Time since last request: 1757.719740 seconds.
  path: Assets/StableFluid/Fluid.cs
  artifactKey: Guid(703a8a12f4aabad4d986414a27c8f491) Importer(815301076,1909f56bfc062723c751e8b465ee728b)
Start importing Assets/StableFluid/Fluid.cs using Guid(703a8a12f4aabad4d986414a27c8f491) Importer(815301076,1909f56bfc062723c751e8b465ee728b)  -> (artifact id: 'c5da4a7bfb350fd6ec35ef75c97ed457') in 0.008996 seconds
  Import took 0.010698 seconds .

========================================================================
Received Prepare
Registering precompiled user dll's ...
Registered in 0.000308 seconds.
Begin MonoManager ReloadAssembly
Native extension for WindowsStandalone target not found
Refreshing native plugins compatible for Editor in 0.19 ms, found 0 plugins.
Preloading 0 native plugins for Editor in 0.00 ms.
Invoked RoslynAnalysisRunner static constructor.
RoslynAnalysisRunner will not be running.
RoslynAnalysisRunner has terminated.
Mono: successfully reloaded assembly
- Completed reload, in  0.535 seconds
Platform modules already initialized, skipping
Refreshing native plugins compatible for Editor in 0.15 ms, found 0 plugins.
Preloading 0 native plugins for Editor in 0.00 ms.
Unloading 1110 Unused Serialized files (Serialized files now loaded: 0)
System memory in use before: 60.8 MB.
System memory in use after: 60.9 MB.

Unloading 4 unused Assets to reduce memory usage. Loaded Objects now: 1657.
Total: 1.519100 ms (FindLiveObjects: 0.157500 ms CreateObjectMapping: 0.035900 ms MarkObjects: 1.315100 ms  DeleteObjects: 0.010000 ms)

========================================================================
Received Prepare
Registering precompiled user dll's ...
Registered in 0.000373 seconds.
Begin MonoManager ReloadAssembly
Native extension for WindowsStandalone target not found
Refreshing native plugins compatible for Editor in 0.19 ms, found 0 plugins.
Preloading 0 native plugins for Editor in 0.00 ms.
Invoked RoslynAnalysisRunner static constructor.
RoslynAnalysisRunner will not be running.
RoslynAnalysisRunner has terminated.
Mono: successfully reloaded assembly
- Completed reload, in  0.550 seconds
Platform modules already initialized, skipping
Refreshing native plugins compatible for Editor in 0.13 ms, found 0 plugins.
Preloading 0 native plugins for Editor in 0.00 ms.
Unloading 1110 Unused Serialized files (Serialized files now loaded: 0)
System memory in use before: 60.8 MB.
System memory in use after: 60.9 MB.

Unloading 4 unused Assets to reduce memory usage. Loaded Objects now: 1660.
Total: 1.593400 ms (FindLiveObjects: 0.203600 ms CreateObjectMapping: 0.061900 ms MarkObjects: 1.317400 ms  DeleteObjects: 0.009700 ms)

========================================================================
Received Prepare
Registering precompiled user dll's ...
Registered in 0.000325 seconds.
Begin MonoManager ReloadAssembly
Native extension for WindowsStandalone target not found
Refreshing native plugins compatible for Editor in 0.19 ms, found 0 plugins.
Preloading 0 native plugins for Editor in 0.00 ms.
Invoked RoslynAnalysisRunner static constructor.
RoslynAnalysisRunner will not be running.
RoslynAnalysisRunner has terminated.
Mono: successfully reloaded assembly
- Completed reload, in  0.564 seconds
Platform modules already initialized, skipping
Refreshing native plugins compatible for Editor in 0.17 ms, found 0 plugins.
Preloading 0 native plugins for Editor in 0.00 ms.
Unloading 1110 Unused Serialized files (Serialized files now loaded: 0)
System memory in use before: 60.8 MB.
System memory in use after: 60.9 MB.

Unloading 4 unused Assets to reduce memory usage. Loaded Objects now: 1663.
Total: 1.461300 ms (FindLiveObjects: 0.169500 ms CreateObjectMapping: 0.042200 ms MarkObjects: 1.238900 ms  DeleteObjects: 0.010000 ms)

========================================================================
Received Prepare
Registering precompiled user dll's ...
Registered in 0.000325 seconds.
Begin MonoManager ReloadAssembly
Native extension for WindowsStandalone target not found
Refreshing native plugins compatible for Editor in 0.19 ms, found 0 plugins.
Preloading 0 native plugins for Editor in 0.00 ms.
Invoked RoslynAnalysisRunner static constructor.
RoslynAnalysisRunner will not be running.
RoslynAnalysisRunner has terminated.
Mono: successfully reloaded assembly
- Completed reload, in  0.549 seconds
Platform modules already initialized, skipping
Refreshing native plugins compatible for Editor in 0.16 ms, found 0 plugins.
Preloading 0 native plugins for Editor in 0.00 ms.
Unloading 1110 Unused Serialized files (Serialized files now loaded: 0)
System memory in use before: 60.8 MB.
System memory in use after: 60.9 MB.

Unloading 4 unused Assets to reduce memory usage. Loaded Objects now: 1666.
Total: 1.787200 ms (FindLiveObjects: 0.255600 ms CreateObjectMapping: 0.064300 ms MarkObjects: 1.455100 ms  DeleteObjects: 0.010700 ms)

========================================================================
Received Prepare
Registering precompiled user dll's ...
Registered in 0.000531 seconds.
Begin MonoManager ReloadAssembly
Native extension for WindowsStandalone target not found
Refreshing native plugins compatible for Editor in 0.19 ms, found 0 plugins.
Preloading 0 native plugins for Editor in 0.00 ms.
Invoked RoslynAnalysisRunner static constructor.
RoslynAnalysisRunner will not be running.
RoslynAnalysisRunner has terminated.
Mono: successfully reloaded assembly
- Completed reload, in  0.533 seconds
Platform modules already initialized, skipping
Refreshing native plugins compatible for Editor in 0.14 ms, found 0 plugins.
Preloading 0 native plugins for Editor in 0.00 ms.
Unloading 1110 Unused Serialized files (Serialized files now loaded: 0)
System memory in use before: 60.8 MB.
System memory in use after: 61.0 MB.

Unloading 4 unused Assets to reduce memory usage. Loaded Objects now: 1669.
Total: 1.427200 ms (FindLiveObjects: 0.137900 ms CreateObjectMapping: 0.031700 ms MarkObjects: 1.245100 ms  DeleteObjects: 0.011200 ms)

========================================================================
Received Prepare
Registering precompiled user dll's ...
Registered in 0.000336 seconds.
Begin MonoManager ReloadAssembly
Native extension for WindowsStandalone target not found
Refreshing native plugins compatible for Editor in 0.19 ms, found 0 plugins.
Preloading 0 native plugins for Editor in 0.00 ms.
Invoked RoslynAnalysisRunner static constructor.
RoslynAnalysisRunner will not be running.
RoslynAnalysisRunner has terminated.
Mono: successfully reloaded assembly
- Completed reload, in  0.550 seconds
Platform modules already initialized, skipping
Refreshing native plugins compatible for Editor in 0.15 ms, found 0 plugins.
Preloading 0 native plugins for Editor in 0.00 ms.
Unloading 1110 Unused Serialized files (Serialized files now loaded: 0)
System memory in use before: 60.9 MB.
System memory in use after: 61.0 MB.

Unloading 4 unused Assets to reduce memory usage. Loaded Objects now: 1672.
Total: 1.461900 ms (FindLiveObjects: 0.131400 ms CreateObjectMapping: 0.035500 ms MarkObjects: 1.284500 ms  DeleteObjects: 0.009600 ms)

========================================================================
Received Prepare
Registering precompiled user dll's ...
Registered in 0.000317 seconds.
Begin MonoManager ReloadAssembly
Native extension for WindowsStandalone target not found
Refreshing native plugins compatible for Editor in 0.19 ms, found 0 plugins.
Preloading 0 native plugins for Editor in 0.00 ms.
Invoked RoslynAnalysisRunner static constructor.
RoslynAnalysisRunner will not be running.
RoslynAnalysisRunner has terminated.
Mono: successfully reloaded assembly
- Completed reload, in  0.560 seconds
Platform modules already initialized, skipping
Refreshing native plugins compatible for Editor in 0.14 ms, found 0 plugins.
Preloading 0 native plugins for Editor in 0.00 ms.
Unloading 1110 Unused Serialized files (Serialized files now loaded: 0)
System memory in use before: 60.9 MB.
System memory in use after: 61.0 MB.

Unloading 4 unused Assets to reduce memory usage. Loaded Objects now: 1675.
Total: 1.490200 ms (FindLiveObjects: 0.206800 ms CreateObjectMapping: 0.038300 ms MarkObjects: 1.233900 ms  DeleteObjects: 0.010200 ms)

========================================================================
Received Prepare
Registering precompiled user dll's ...
Registered in 0.000327 seconds.
Begin MonoManager ReloadAssembly
Native extension for WindowsStandalone target not found
Refreshing native plugins compatible for Editor in 0.20 ms, found 0 plugins.
Preloading 0 native plugins for Editor in 0.00 ms.
Invoked RoslynAnalysisRunner static constructor.
RoslynAnalysisRunner will not be running.
RoslynAnalysisRunner has terminated.
Mono: successfully reloaded assembly
- Completed reload, in  0.550 seconds
Platform modules already initialized, skipping
Refreshing native plugins compatible for Editor in 0.14 ms, found 0 plugins.
Preloading 0 native plugins for Editor in 0.00 ms.
Unloading 1110 Unused Serialized files (Serialized files now loaded: 0)
System memory in use before: 60.9 MB.
System memory in use after: 61.0 MB.

Unloading 4 unused Assets to reduce memory usage. Loaded Objects now: 1678.
Total: 1.470800 ms (FindLiveObjects: 0.143500 ms CreateObjectMapping: 0.041100 ms MarkObjects: 1.275600 ms  DeleteObjects: 0.009600 ms)

========================================================================
Received Import Request.
  Time since last request: 822.549883 seconds.
  path: Assets/FluidSim3D/Scripts/SmokeFluidSim.cs
  artifactKey: Guid(a924471615937564f81ebb1540cd8b36) Importer(815301076,1909f56bfc062723c751e8b465ee728b)
Start importing Assets/FluidSim3D/Scripts/SmokeFluidSim.cs using Guid(a924471615937564f81ebb1540cd8b36) Importer(815301076,1909f56bfc062723c751e8b465ee728b)  -> (artifact id: '4a1c00349ce27f085ee017c8d30d30cc') in 0.004934 seconds
  Import took 0.007125 seconds .

========================================================================
Received Import Request.
  Time since last request: 0.000352 seconds.
  path: Assets/FluidSim3D/Scripts/SmokeFluidSim.cs
  artifactKey: Guid(a924471615937564f81ebb1540cd8b36) Importer(815301076,1909f56bfc062723c751e8b465ee728b)
Start importing Assets/FluidSim3D/Scripts/SmokeFluidSim.cs using Guid(a924471615937564f81ebb1540cd8b36) Importer(815301076,1909f56bfc062723c751e8b465ee728b)  -> (artifact id: '4a1c00349ce27f085ee017c8d30d30cc') in 0.003268 seconds
  Import took 0.004660 seconds .

========================================================================
Received Import Request.
  Time since last request: 205.012238 seconds.
  path: Assets/FluidSim3D/SmokeFluid.unity
  artifactKey: Guid(77228c5d076c6bc4fae6e505baf0f4f6) Importer(815301076,1909f56bfc062723c751e8b465ee728b)
Start importing Assets/FluidSim3D/SmokeFluid.unity using Guid(77228c5d076c6bc4fae6e505baf0f4f6) Importer(815301076,1909f56bfc062723c751e8b465ee728b)  -> (artifact id: '8e10086cd8481817973f2324ae9af9b1') in 0.008724 seconds
  Import took 0.010385 seconds .

========================================================================
Received Import Request.
  Time since last request: 195.704576 seconds.
  path: Assets/FluidSim3D/Prefabs/SmokeFluidSim.prefab
  artifactKey: Guid(0b40c0b4ea4208b4792d95085b850676) Importer(815301076,1909f56bfc062723c751e8b465ee728b)
Start importing Assets/FluidSim3D/Prefabs/SmokeFluidSim.prefab using Guid(0b40c0b4ea4208b4792d95085b850676) Importer(815301076,1909f56bfc062723c751e8b465ee728b)  -> (artifact id: '06446b6ad0bda2d920bd46b85fd17987') in 0.046550 seconds
  Import took 0.048630 seconds .

========================================================================
Received Import Request.
  Time since last request: 39.887864 seconds.
  path: Assets/FluidSim3D/Prefabs/FireFluidSim.prefab
  artifactKey: Guid(254356bdfdadcdd4aafdd4454a3d8f02) Importer(815301076,1909f56bfc062723c751e8b465ee728b)
Start importing Assets/FluidSim3D/Prefabs/FireFluidSim.prefab using Guid(254356bdfdadcdd4aafdd4454a3d8f02) Importer(815301076,1909f56bfc062723c751e8b465ee728b)  -> (artifact id: '9c86709174719163dd46773ca5da28bc') in 0.011718 seconds
  Import took 0.013824 seconds .

========================================================================
Received Import Request.
  Time since last request: 2.366886 seconds.
  path: Assets/FluidSim3D/Prefabs/FireFluidSim.prefab
  artifactKey: Guid(254356bdfdadcdd4aafdd4454a3d8f02) Importer(815301076,1909f56bfc062723c751e8b465ee728b)
Start importing Assets/FluidSim3D/Prefabs/FireFluidSim.prefab using Guid(254356bdfdadcdd4aafdd4454a3d8f02) Importer(815301076,1909f56bfc062723c751e8b465ee728b)  -> (artifact id: 'a3d27f4f743c76f9398fe17d66b252f7') in 0.010645 seconds
  Import took 0.012640 seconds .

========================================================================
Received Import Request.
  Time since last request: 29.328657 seconds.
  path: Assets/FluidSim3D/Materials/SmokeRayCast.mat
  artifactKey: Guid(dfd547b8d6e669e43901fd5e9e8632f1) Importer(815301076,1909f56bfc062723c751e8b465ee728b)
Start importing Assets/FluidSim3D/Materials/SmokeRayCast.mat using Guid(dfd547b8d6e669e43901fd5e9e8632f1) Importer(815301076,1909f56bfc062723c751e8b465ee728b)  -> (artifact id: 'be53b8f485a93790ace041ce1313fe00') in 0.332693 seconds
  Import took 0.334509 seconds .

========================================================================
Received Prepare
Registering precompiled user dll's ...
Registered in 0.000486 seconds.
Begin MonoManager ReloadAssembly
Native extension for WindowsStandalone target not found
Refreshing native plugins compatible for Editor in 0.20 ms, found 0 plugins.
Preloading 0 native plugins for Editor in 0.00 ms.
Invoked RoslynAnalysisRunner static constructor.
RoslynAnalysisRunner will not be running.
RoslynAnalysisRunner has terminated.
Mono: successfully reloaded assembly
- Completed reload, in  0.576 seconds
Platform modules already initialized, skipping
Refreshing native plugins compatible for Editor in 0.24 ms, found 0 plugins.
Preloading 0 native plugins for Editor in 0.00 ms.
Unloading 1110 Unused Serialized files (Serialized files now loaded: 0)
System memory in use before: 60.9 MB.
System memory in use after: 61.0 MB.

Unloading 4 unused Assets to reduce memory usage. Loaded Objects now: 1683.
Total: 1.372900 ms (FindLiveObjects: 0.147700 ms CreateObjectMapping: 0.032400 ms MarkObjects: 1.181500 ms  DeleteObjects: 0.010800 ms)

========================================================================
Received Prepare
Registering precompiled user dll's ...
Registered in 0.000382 seconds.
Begin MonoManager ReloadAssembly
Native extension for WindowsStandalone target not found
Refreshing native plugins compatible for Editor in 0.19 ms, found 0 plugins.
Preloading 0 native plugins for Editor in 0.00 ms.
Invoked RoslynAnalysisRunner static constructor.
RoslynAnalysisRunner will not be running.
RoslynAnalysisRunner has terminated.
Mono: successfully reloaded assembly
- Completed reload, in  0.556 seconds
Platform modules already initialized, skipping
Refreshing native plugins compatible for Editor in 0.15 ms, found 0 plugins.
Preloading 0 native plugins for Editor in 0.00 ms.
Unloading 1110 Unused Serialized files (Serialized files now loaded: 0)
System memory in use before: 60.9 MB.
System memory in use after: 61.0 MB.

Unloading 4 unused Assets to reduce memory usage. Loaded Objects now: 1686.
Total: 1.455000 ms (FindLiveObjects: 0.138900 ms CreateObjectMapping: 0.037300 ms MarkObjects: 1.268000 ms  DeleteObjects: 0.010000 ms)

========================================================================
Received Prepare
Registering precompiled user dll's ...
Registered in 0.000348 seconds.
Begin MonoManager ReloadAssembly
Native extension for WindowsStandalone target not found
Refreshing native plugins compatible for Editor in 0.19 ms, found 0 plugins.
Preloading 0 native plugins for Editor in 0.00 ms.
Invoked RoslynAnalysisRunner static constructor.
RoslynAnalysisRunner will not be running.
RoslynAnalysisRunner has terminated.
Mono: successfully reloaded assembly
- Completed reload, in  0.538 seconds
Platform modules already initialized, skipping
Refreshing native plugins compatible for Editor in 0.16 ms, found 0 plugins.
Preloading 0 native plugins for Editor in 0.00 ms.
Unloading 1110 Unused Serialized files (Serialized files now loaded: 0)
System memory in use before: 60.9 MB.
System memory in use after: 61.0 MB.

Unloading 4 unused Assets to reduce memory usage. Loaded Objects now: 1689.
Total: 1.754000 ms (FindLiveObjects: 0.214100 ms CreateObjectMapping: 0.053200 ms MarkObjects: 1.472400 ms  DeleteObjects: 0.012800 ms)

